2022-07-22 04:16:49,806 [INFO] Activator:177 - 


2022-07-22 04:16:49,811 [INFO] Activator:178 - !SESSION log4j initialized
2022-07-22 04:18:10,082 [INFO] McuFinderGlobals:39 - Set McuFinder mode to 2 (CubeIDE integrated)
2022-07-22 04:18:10,382 [INFO] ApplicationProperties:181 - Using Application install path: C:\ST\STM32CubeIDE_1.9.0\STM32CubeIDE\plugins\com.st.stm32cube.common.mx_6.5.0.202202251913
2022-07-22 04:18:10,539 [INFO] DbMcusXml:72 - Set database path to: C:\ST\STM32CubeIDE_1.9.0\STM32CubeIDE\plugins\com.st.stm32cube.common.mx_6.5.0.202202251913\\db\/mcu/
2022-07-22 04:18:10,540 [INFO] ApiDb:260 - Set plugin database path to: C:\ST\STM32CubeIDE_1.9.0\STM32CubeIDE\plugins\com.st.stm32cube.common.mx_6.5.0.202202251913\\db\/plugins/boardmanager/
2022-07-22 04:18:10,560 [WARN] ApiDb:245 - Overriding images path with different value:  => C:\ST\STM32CubeIDE_1.9.0\STM32CubeIDE\plugins\com.st.stm32cube.common.mx_6.5.0.202202251913\\db\/plugins/mcufinder/images/
2022-07-22 04:18:10,754 [INFO] ApiDb:226 - Set database path to: C:\Users\MY COMPUTER\.stmcufinder\plugins\mcufinder//mcu/
2022-07-22 04:18:10,756 [INFO] DbMcusAds:119 - Set database path to: C:\Users\MY COMPUTER\.stmcufinder\plugins\mcufinder//mcu/
2022-07-22 04:18:11,923 [INFO] CrossReferenceDbSqlite:196 - Set database path to: C:\Users\MY COMPUTER\.stmcufinder\plugins\mcufinder//mcu/cs/
2022-07-22 04:18:12,246 [INFO] RulesReader:57 - Compatibility file has been processed (281 Rules)
2022-07-22 04:18:12,519 [INFO] DbMcusXml:72 - Set database path to: C:\ST\STM32CubeIDE_1.9.0\STM32CubeIDE\plugins\com.st.stm32cube.common.mx_6.5.0.202202251913\\db\/mcu/
2022-07-22 04:18:12,521 [INFO] ApiDb:260 - Set plugin database path to: C:\ST\STM32CubeIDE_1.9.0\STM32CubeIDE\plugins\com.st.stm32cube.common.mx_6.5.0.202202251913\\db\/plugins/boardmanager/
2022-07-22 04:18:12,521 [INFO] ApiDb:247 - Set plugin images path to: C:\ST\STM32CubeIDE_1.9.0\STM32CubeIDE\plugins\com.st.stm32cube.common.mx_6.5.0.202202251913\\db\/plugins/mcufinder/images/
2022-07-22 04:18:12,522 [WARN] DbFile:35 - Overriding database path with different value: C:\Users\MY COMPUTER\.stmcufinder\plugins\mcufinder/ => C:\Users\MY COMPUTER\.stmcufinder\plugins\mcufinder
2022-07-22 04:18:12,523 [INFO] ApiDb:226 - Set database path to: C:\Users\MY COMPUTER\.stmcufinder\plugins\mcufinder//mcu/
2022-07-22 04:18:12,523 [WARN] DbFile:35 - Overriding database path with different value: C:\Users\MY COMPUTER\.stmcufinder\plugins\mcufinder/ => C:\Users\MY COMPUTER\.stmcufinder\plugins\mcufinder
2022-07-22 04:18:12,523 [INFO] DbMcusAds:119 - Set database path to: C:\Users\MY COMPUTER\.stmcufinder\plugins\mcufinder//mcu/
2022-07-22 04:18:12,524 [WARN] DbFile:35 - Overriding database path with different value: C:\Users\MY COMPUTER\.stmcufinder\plugins\mcufinder/ => C:\Users\MY COMPUTER\.stmcufinder\plugins\mcufinder
2022-07-22 04:18:12,525 [WARN] DbFile:35 - Overriding database path with different value: C:\Users\MY COMPUTER\.stmcufinder\plugins\mcufinder/ => C:\Users\MY COMPUTER\.stmcufinder\plugins\mcufinder
2022-07-22 04:18:13,369 [INFO] CrossReferenceDbSqlite:196 - Set database path to: C:\Users\MY COMPUTER\.stmcufinder\plugins\mcufinder//mcu/cs/
2022-07-22 04:18:13,523 [INFO] MainPanel:230 - HeapMemory: 511705088
2022-07-22 04:18:13,657 [INFO] DbMcusXml:72 - Set database path to: C:\ST\STM32CubeIDE_1.9.0\STM32CubeIDE\plugins\com.st.stm32cube.common.mx_6.5.0.202202251913\\db\/mcu/
2022-07-22 04:18:13,657 [INFO] ApiDb:260 - Set plugin database path to: C:\ST\STM32CubeIDE_1.9.0\STM32CubeIDE\plugins\com.st.stm32cube.common.mx_6.5.0.202202251913\\db\/plugins/boardmanager/
2022-07-22 04:18:13,657 [INFO] ApiDb:247 - Set plugin images path to: C:\ST\STM32CubeIDE_1.9.0\STM32CubeIDE\plugins\com.st.stm32cube.common.mx_6.5.0.202202251913\\db\/plugins/mcufinder/images/
2022-07-22 04:18:13,658 [WARN] DbFile:35 - Overriding database path with different value: C:\Users\MY COMPUTER\.stmcufinder\plugins\mcufinder/ => C:\Users\MY COMPUTER\.stmcufinder\plugins\mcufinder
2022-07-22 04:18:13,658 [INFO] ApiDb:226 - Set database path to: C:\Users\MY COMPUTER\.stmcufinder\plugins\mcufinder//mcu/
2022-07-22 04:18:13,659 [WARN] DbFile:35 - Overriding database path with different value: C:\Users\MY COMPUTER\.stmcufinder\plugins\mcufinder/ => C:\Users\MY COMPUTER\.stmcufinder\plugins\mcufinder
2022-07-22 04:18:13,659 [INFO] DbMcusAds:119 - Set database path to: C:\Users\MY COMPUTER\.stmcufinder\plugins\mcufinder//mcu/
2022-07-22 04:18:13,660 [WARN] DbFile:35 - Overriding database path with different value: C:\Users\MY COMPUTER\.stmcufinder\plugins\mcufinder/ => C:\Users\MY COMPUTER\.stmcufinder\plugins\mcufinder
2022-07-22 04:18:13,660 [WARN] DbFile:35 - Overriding database path with different value: C:\Users\MY COMPUTER\.stmcufinder\plugins\mcufinder/ => C:\Users\MY COMPUTER\.stmcufinder\plugins\mcufinder
2022-07-22 04:18:14,370 [INFO] CrossReferenceDbSqlite:196 - Set database path to: C:\Users\MY COMPUTER\.stmcufinder\plugins\mcufinder//mcu/cs/
2022-07-22 04:18:14,408 [INFO] ApplicationProperties:181 - Using Application install path: C:\ST\STM32CubeIDE_1.9.0\STM32CubeIDE\plugins\com.st.stm32cube.common.mx_6.5.0.202202251913
2022-07-22 04:18:14,416 [INFO] PluginManage:188 - Search for loadable plugins [exclusion list=, ]
2022-07-22 04:18:14,421 [INFO] PluginManage:302 - Check plugin analytics
2022-07-22 04:18:15,462 [INFO] AnalyticsPlugin:257 - Accepted Software Licenses: 
2022-07-22 04:18:15,463 [INFO] AnalyticsPlugin:259 - Accepted CMSIS Pack Licenses: 
2022-07-22 04:18:15,463 [INFO] AnalyticsPlugin:261 - Accepted Firmware Licenses: 
2022-07-22 04:18:15,473 [INFO] PluginManage:352 - Loaded plugin analytics (category:tool,tabindex:-1)
2022-07-22 04:18:15,474 [INFO] PluginManage:302 - Check plugin clock
2022-07-22 04:18:15,488 [INFO] PluginManage:352 - Loaded plugin clock (category:base,tabindex:2)
2022-07-22 04:18:15,489 [INFO] PluginManage:302 - Check plugin ddr
2022-07-22 04:18:15,493 [INFO] PluginManage:352 - Loaded plugin ddr (category:tool,tabindex:6)
2022-07-22 04:18:15,493 [INFO] PluginManage:302 - Check plugin filemanager
2022-07-22 04:18:15,739 [INFO] PluginManage:352 - Loaded plugin filemanager (category:base,tabindex:10)
2022-07-22 04:18:15,740 [INFO] PluginManage:302 - Check plugin ipmanager
2022-07-22 04:18:15,752 [INFO] PluginManage:352 - Loaded plugin ipmanager (category:base,tabindex:5)
2022-07-22 04:18:15,752 [INFO] PluginManage:302 - Check plugin lpbam
2022-07-22 04:18:15,781 [INFO] PluginManage:352 - Loaded plugin lpbam (category:base,tabindex:0)
2022-07-22 04:18:15,781 [INFO] PluginManage:302 - Check plugin pinoutandconfiguration
2022-07-22 04:18:15,794 [INFO] PluginManage:352 - Loaded plugin pinoutandconfiguration (category:base,tabindex:1)
2022-07-22 04:18:15,795 [INFO] PluginManage:302 - Check plugin pinoutconfig
2022-07-22 04:18:15,852 [INFO] PluginManage:352 - Loaded plugin pinoutconfig (category:base,tabindex:0)
2022-07-22 04:18:15,852 [INFO] PluginManage:302 - Check plugin power
2022-07-22 04:18:15,867 [INFO] PluginManage:352 - Loaded plugin power (category:power,tabindex:4)
2022-07-22 04:18:15,868 [INFO] PluginManage:302 - Check plugin projectmanager
2022-07-22 04:18:15,933 [INFO] PluginManage:352 - Loaded plugin projectmanager (category:projectmanager,tabindex:3)
2022-07-22 04:18:15,934 [INFO] PluginManage:302 - Check plugin thirdparty
2022-07-22 04:18:16,130 [INFO] PluginManage:352 - Loaded plugin thirdparty (category:base,tabindex:-1)
2022-07-22 04:18:16,130 [INFO] PluginManage:302 - Check plugin tools
2022-07-22 04:18:16,134 [INFO] PluginManage:352 - Loaded plugin tools (category:base,tabindex:7)
2022-07-22 04:18:16,134 [INFO] PluginManage:302 - Check plugin tutovideos
2022-07-22 04:18:16,149 [WARN] IntegrityCheckThread:78 - waiting for thirdparty lock release [integrity check]
2022-07-22 04:18:16,160 [INFO] IntegrityCheckThread:80 - entering critical section [integrity check]
2022-07-22 04:18:16,171 [INFO] ThirdPartyUpdaterWithRetryManager:66 - Updater plugin not ready yet. [1/15]
2022-07-22 04:18:16,511 [INFO] PluginManage:352 - Loaded plugin tutovideos (category:base,tabindex:-1)
2022-07-22 04:18:16,515 [INFO] PluginManage:302 - Check plugin updater
2022-07-22 04:18:16,545 [INFO] PluginManage:352 - Loaded plugin updater (category:base,tabindex:12)
2022-07-22 04:18:16,547 [INFO] PluginManage:275 - PluginManage : Loaded plugins [14]
2022-07-22 04:18:17,057 [INFO] PinOutPanel:1465 - setPackage(No Configuration,No Configuration)
2022-07-22 04:18:17,201 [INFO] IPUIPlugin:75 - create IPUIPlugin
2022-07-22 04:18:17,202 [INFO] PluginManager:213 - loadIPPluginJar : add adc
2022-07-22 04:18:17,207 [INFO] IPUIPlugin:75 - create IPUIPlugin
2022-07-22 04:18:17,207 [INFO] PluginManager:213 - loadIPPluginJar : add aes
2022-07-22 04:18:17,211 [INFO] IPUIPlugin:75 - create IPUIPlugin
2022-07-22 04:18:17,212 [INFO] PluginManager:213 - loadIPPluginJar : add can
2022-07-22 04:18:17,215 [INFO] IPUIPlugin:75 - create IPUIPlugin
2022-07-22 04:18:17,215 [INFO] PluginManager:213 - loadIPPluginJar : add comp
2022-07-22 04:18:17,219 [INFO] IPUIPlugin:75 - create IPUIPlugin
2022-07-22 04:18:17,220 [INFO] PluginManager:213 - loadIPPluginJar : add cryp
2022-07-22 04:18:17,225 [INFO] IPUIPlugin:75 - create IPUIPlugin
2022-07-22 04:18:17,225 [INFO] PluginManager:213 - loadIPPluginJar : add dfsdm
2022-07-22 04:18:17,254 [INFO] IPUIPlugin:75 - create IPUIPlugin
2022-07-22 04:18:17,255 [INFO] PluginManager:213 - loadIPPluginJar : add dma
2022-07-22 04:18:17,260 [INFO] IPUIPlugin:75 - create IPUIPlugin
2022-07-22 04:18:17,260 [INFO] PluginManager:213 - loadIPPluginJar : add dma3
2022-07-22 04:18:17,263 [INFO] IPUIPlugin:75 - create IPUIPlugin
2022-07-22 04:18:17,263 [INFO] PluginManager:213 - loadIPPluginJar : add fatfs
2022-07-22 04:18:17,272 [INFO] IPUIPlugin:75 - create IPUIPlugin
2022-07-22 04:18:17,272 [INFO] PluginManager:213 - loadIPPluginJar : add fmc
2022-07-22 04:18:17,281 [INFO] IPUIPlugin:75 - create IPUIPlugin
2022-07-22 04:18:17,282 [INFO] PluginManager:213 - loadIPPluginJar : add freertos
2022-07-22 04:18:17,284 [INFO] IPUIPlugin:75 - create IPUIPlugin
2022-07-22 04:18:17,285 [INFO] PluginManager:213 - loadIPPluginJar : add genericplugin
2022-07-22 04:18:17,289 [INFO] IPUIPlugin:75 - create IPUIPlugin
2022-07-22 04:18:17,289 [INFO] PluginManager:213 - loadIPPluginJar : add gfxmmu
2022-07-22 04:18:17,299 [INFO] IPUIPlugin:75 - create IPUIPlugin
2022-07-22 04:18:17,299 [INFO] PluginManager:213 - loadIPPluginJar : add gic
2022-07-22 04:18:17,307 [INFO] IPUIPlugin:75 - create IPUIPlugin
2022-07-22 04:18:17,308 [INFO] PluginManager:213 - loadIPPluginJar : add gpio
2022-07-22 04:18:17,313 [INFO] IPUIPlugin:75 - create IPUIPlugin
2022-07-22 04:18:17,313 [INFO] PluginManager:213 - loadIPPluginJar : add gtzc
2022-07-22 04:18:17,317 [INFO] IPUIPlugin:75 - create IPUIPlugin
2022-07-22 04:18:17,317 [INFO] PluginManager:213 - loadIPPluginJar : add hash
2022-07-22 04:18:17,322 [INFO] IPUIPlugin:75 - create IPUIPlugin
2022-07-22 04:18:17,323 [INFO] PluginManager:213 - loadIPPluginJar : add i2c
2022-07-22 04:18:17,327 [INFO] IPUIPlugin:75 - create IPUIPlugin
2022-07-22 04:18:17,327 [INFO] PluginManager:213 - loadIPPluginJar : add i2s
2022-07-22 04:18:17,332 [INFO] IPUIPlugin:75 - create IPUIPlugin
2022-07-22 04:18:17,333 [INFO] PluginManager:213 - loadIPPluginJar : add ipddr
2022-07-22 04:18:17,346 [INFO] IPUIPlugin:75 - create IPUIPlugin
2022-07-22 04:18:17,346 [INFO] PluginManager:213 - loadIPPluginJar : add linkedlist
2022-07-22 04:18:17,351 [INFO] IPUIPlugin:75 - create IPUIPlugin
2022-07-22 04:18:17,351 [INFO] PluginManager:213 - loadIPPluginJar : add lorawan
2022-07-22 04:18:17,354 [INFO] IPUIPlugin:75 - create IPUIPlugin
2022-07-22 04:18:17,354 [INFO] PluginManager:213 - loadIPPluginJar : add ltdc
2022-07-22 04:18:17,364 [INFO] IPUIPlugin:75 - create IPUIPlugin
2022-07-22 04:18:17,364 [INFO] PluginManager:213 - loadIPPluginJar : add mdma
2022-07-22 04:18:17,370 [INFO] IPUIPlugin:75 - create IPUIPlugin
2022-07-22 04:18:17,370 [INFO] PluginManager:213 - loadIPPluginJar : add nvic
2022-07-22 04:18:17,375 [INFO] IPUIPlugin:75 - create IPUIPlugin
2022-07-22 04:18:17,375 [INFO] PluginManager:213 - loadIPPluginJar : add opamp
2022-07-22 04:18:17,380 [INFO] IPUIPlugin:75 - create IPUIPlugin
2022-07-22 04:18:17,381 [INFO] PluginManager:213 - loadIPPluginJar : add openamp
2022-07-22 04:18:17,386 [INFO] IPUIPlugin:75 - create IPUIPlugin
2022-07-22 04:18:17,386 [INFO] PluginManager:213 - loadIPPluginJar : add pdm2pcm
2022-07-22 04:18:17,397 [INFO] IPUIPlugin:75 - create IPUIPlugin
2022-07-22 04:18:17,402 [INFO] PluginManager:213 - loadIPPluginJar : add plateformsettings
2022-07-22 04:18:17,405 [INFO] IPUIPlugin:75 - create IPUIPlugin
2022-07-22 04:18:17,405 [INFO] PluginManager:213 - loadIPPluginJar : add quadspi
2022-07-22 04:18:17,410 [INFO] IPUIPlugin:75 - create IPUIPlugin
2022-07-22 04:18:17,411 [INFO] PluginManager:213 - loadIPPluginJar : add resmgrutility
2022-07-22 04:18:17,416 [INFO] IPUIPlugin:75 - create IPUIPlugin
2022-07-22 04:18:17,416 [INFO] PluginManager:213 - loadIPPluginJar : add sai
2022-07-22 04:18:17,420 [INFO] IPUIPlugin:75 - create IPUIPlugin
2022-07-22 04:18:17,421 [INFO] PluginManager:213 - loadIPPluginJar : add spi
2022-07-22 04:18:17,428 [INFO] IPUIPlugin:75 - create IPUIPlugin
2022-07-22 04:18:17,428 [INFO] PluginManager:213 - loadIPPluginJar : add stm32_wpan
2022-07-22 04:18:17,431 [INFO] IPUIPlugin:75 - create IPUIPlugin
2022-07-22 04:18:17,432 [INFO] PluginManager:213 - loadIPPluginJar : add tim
2022-07-22 04:18:17,437 [INFO] IPUIPlugin:75 - create IPUIPlugin
2022-07-22 04:18:17,437 [INFO] PluginManager:213 - loadIPPluginJar : add touchsensing
2022-07-22 04:18:17,440 [INFO] IPUIPlugin:75 - create IPUIPlugin
2022-07-22 04:18:17,440 [INFO] PluginManager:213 - loadIPPluginJar : add tracer_emb
2022-07-22 04:18:17,446 [INFO] IPUIPlugin:75 - create IPUIPlugin
2022-07-22 04:18:17,446 [INFO] PluginManager:213 - loadIPPluginJar : add ts
2022-07-22 04:18:17,449 [INFO] IPUIPlugin:75 - create IPUIPlugin
2022-07-22 04:18:17,450 [INFO] PluginManager:213 - loadIPPluginJar : add tsc
2022-07-22 04:18:17,452 [INFO] IPUIPlugin:75 - create IPUIPlugin
2022-07-22 04:18:17,453 [INFO] PluginManager:213 - loadIPPluginJar : add ucpd
2022-07-22 04:18:17,457 [INFO] IPUIPlugin:75 - create IPUIPlugin
2022-07-22 04:18:17,458 [INFO] PluginManager:213 - loadIPPluginJar : add usart
2022-07-22 04:18:17,464 [INFO] IPUIPlugin:75 - create IPUIPlugin
2022-07-22 04:18:17,464 [INFO] PluginManager:213 - loadIPPluginJar : add usbx
2022-07-22 04:18:17,922 [FATAL] Updater:297 - Updater called before beeing initialized
2022-07-22 04:18:18,099 [FATAL] Updater:297 - Updater called before beeing initialized
2022-07-22 04:18:18,113 [INFO] DbMcusAds:47 - JSON generation date=Thu Sep 30 13:55:09 ICT 2021 (1632984909377)
2022-07-22 04:18:18,114 [FATAL] Updater:297 - Updater called before beeing initialized
2022-07-22 04:18:18,242 [WARN] DetailPanel:320 - Failed to get advertising image, set to default
2022-07-22 04:18:19,183 [INFO] ThirdPartyUpdaterWithRetryManager:66 - Updater plugin not ready yet. [2/15]
2022-07-22 04:18:19,208 [FATAL] Updater:297 - Updater called before beeing initialized
2022-07-22 04:18:19,211 [FATAL] Updater:297 - Updater called before beeing initialized
2022-07-22 04:18:19,211 [FATAL] Updater:297 - Updater called before beeing initialized
2022-07-22 04:18:19,212 [WARN] DetailPanel:320 - Failed to get advertising image, set to default
2022-07-22 04:18:19,215 [FATAL] Updater:297 - Updater called before beeing initialized
2022-07-22 04:18:20,058 [INFO] Updater:1026 - Updater Version found : 6.5.0
2022-07-22 04:18:20,094 [INFO] ApplicationProperties:181 - Using Application install path: C:\ST\STM32CubeIDE_1.9.0\STM32CubeIDE\plugins\com.st.stm32cube.common.mx_6.5.0.202202251913
2022-07-22 04:18:20,497 [INFO] MainUpdater:2729 - connection check result : 10
2022-07-22 04:18:20,498 [INFO] MainUpdater:276 - Updater Check For Update Now.
2022-07-22 04:18:20,499 [INFO] MicroXplorer:477 - Change Database Version : DB.6.0.50
2022-07-22 04:18:20,773 [INFO] CheckServerUpdateThread:115 - End of CheckServer Thread
2022-07-22 04:18:20,928 [INFO] MainUpdater:2729 - connection check result : 10
2022-07-22 04:18:21,634 [INFO] McuFinderGlobals:52 - Set McuFinderConnectedMode to true
2022-07-22 04:18:21,655 [INFO] MultiScanPanel:195 - Auto-refresh data requested => check proxy status ongoing
2022-07-22 04:18:21,667 [INFO] FinderPluginLoader:87 - Searching for filters in installed packs
2022-07-22 04:18:21,897 [INFO] ApiDb:567 - Connected to CubeFinder SQLite database (C:\Users\MY COMPUTER\.stmcufinder\plugins\mcufinder\mcu\cube-finder-db.db)
2022-07-22 04:18:21,957 [INFO] ApiDb:654 - CubeFinder database Data Model version=2.1
2022-07-22 04:18:21,957 [INFO] ApiDb:655 - CubeFinder database Configuration version=3.0.32
2022-07-22 04:18:21,958 [INFO] ApiDb:656 - CubeFinder database generation date=2022-07-13 (1657716335)
2022-07-22 04:18:21,958 [INFO] ApiDb:657 - CubeFinder database FW Pack versions=[STM32Cube_FW_C0_V1.0.0, STM32Cube_FW_F4_V1.27.1, STM32Cube_FW_F7_V1.17.0, STM32Cube_FW_G0_V1.6.1, STM32Cube_FW_G4_V1.5.0, STM32Cube_FW_H7_V1.10.0, STM32Cube_FW_L5_V1.4.0, STM32Cube_FW_U5_V1.1.1, STM32Cube_FW_WB_V1.14.0, STM32Cube_FW_WL_V1.2.0, X-CUBE-ALGOBUILD_V1.3.0, X-CUBE-ALS_V1.0.1, X-CUBE-AZRTOS-F4_V1.0.0, X-CUBE-AZRTOS-F7_V1.1.0, X-CUBE-AZRTOS-G0_V1.1.0, X-CUBE-AZRTOS-G4_V1.0.0, X-CUBE-AZRTOS-H7_V2.1.0, X-CUBE-AZRTOS-L4_V1.0.0, X-CUBE-AZRTOS-L5_V1.0.0, X-CUBE-AZRTOS-WL_V1.0.0, X-CUBE-BLE1_V6.2.3, X-CUBE-BLE2_V3.3.0, X-CUBE-EEPRMA1_V3.1.1, X-CUBE-GNSS1_V6.0.0, X-CUBE-MEMS1_V9.1.0, X-CUBE-NFC4_V2.0.3, X-CUBE-NFC7_V1.0.0, X-CUBE-SFXS2LP1_V3.1.0, X-CUBE-SUBG2_V5.0.0]
2022-07-22 04:18:22,511 [WARN] PackLoader:238 - Cannot read IP mode file for wolfSSL.I-CUBE-wolfSSL.5.2.0
2022-07-22 04:18:22,532 [WARN] PackLoader:238 - Cannot read IP mode file for STMicroelectronics.X-CUBE-GNSS1.6.0.0
2022-07-22 04:18:22,683 [WARN] PackLoader:238 - Cannot read IP mode file for STMicroelectronics.X-CUBE-MEMS1.9.2.0
2022-07-22 04:18:23,527 [WARN] PackLoader:238 - Cannot read IP mode file for STMicroelectronics.X-CUBE-AZRTOS-F7.1.1.0
2022-07-22 04:18:23,546 [WARN] PackLoader:238 - Cannot read IP mode file for STMicroelectronics.X-CUBE-AI.7.1.0
2022-07-22 04:18:23,553 [WARN] PackLoader:238 - Cannot read IP mode file for STMicroelectronics.X-CUBE-TOUCHGFX.4.19.1
2022-07-22 04:18:23,560 [WARN] PackLoader:238 - Cannot read IP mode file for STMicroelectronics.X-CUBE-BLE1.6.2.3
2022-07-22 04:18:23,566 [WARN] PackLoader:238 - Cannot read IP mode file for STMicroelectronics.X-CUBE-BLE1.6.2.2
2022-07-22 04:18:23,591 [WARN] PackLoader:238 - Cannot read IP mode file for STMicroelectronics.X-CUBE-NFC4.2.0.4
2022-07-22 04:18:23,640 [WARN] PackLoader:238 - Cannot read IP mode file for STMicroelectronics.X-CUBE-BLE2.3.2.2
2022-07-22 04:18:23,681 [WARN] PackLoader:238 - Cannot read IP mode file for STMicroelectronics.X-CUBE-NFC4.2.0.3
2022-07-22 04:18:23,686 [WARN] PackLoader:238 - Cannot read IP mode file for STMicroelectronics.X-CUBE-TOUCHGFX.4.19.0
2022-07-22 04:18:23,701 [WARN] PackLoader:238 - Cannot read IP mode file for STMicroelectronics.X-CUBE-TOF1.3.1.0
2022-07-22 04:18:23,719 [WARN] PackLoader:238 - Cannot read IP mode file for STMicroelectronics.X-CUBE-SFXS2LP1.3.1.0
2022-07-22 04:18:23,766 [WARN] PackLoader:238 - Cannot read IP mode file for STMicroelectronics.X-CUBE-AZRTOS-F4.1.0.0
2022-07-22 04:18:23,785 [WARN] PackLoader:238 - Cannot read IP mode file for STMicroelectronics.X-CUBE-NFC7.1.0.0
2022-07-22 04:18:23,847 [WARN] PackLoader:238 - Cannot read IP mode file for STMicroelectronics.X-CUBE-SUBG2.4.2.0
2022-07-22 04:18:23,889 [WARN] PackLoader:238 - Cannot read IP mode file for STMicroelectronics.X-CUBE-AI.7.2.0
2022-07-22 04:18:23,924 [WARN] PackLoader:238 - Cannot read IP mode file for STMicroelectronics.X-CUBE-AZRTOS-G0.1.0.0
2022-07-22 04:18:23,937 [WARN] PackLoader:238 - Cannot read IP mode file for STMicroelectronics.X-CUBE-SFXS2LP1.4.0.0
2022-07-22 04:18:23,944 [WARN] PackLoader:238 - Cannot read IP mode file for STMicroelectronics.X-CUBE-BLE2.3.3.0
2022-07-22 04:18:23,959 [WARN] PackLoader:238 - Cannot read IP mode file for STMicroelectronics.X-CUBE-DISPLAY.2.2.0
2022-07-22 04:18:24,205 [WARN] PackLoader:238 - Cannot read IP mode file for STMicroelectronics.X-CUBE-TOUCHGFX.4.18.1
2022-07-22 04:18:24,274 [WARN] PackLoader:238 - Cannot read IP mode file for RoweBots.I-CUBE-UNISONRTOS.5.5.0-4
2022-07-22 04:18:24,341 [WARN] PackLoader:238 - Cannot read IP mode file for STMicroelectronics.X-CUBE-AZRTOS-H7.2.1.0
2022-07-22 04:18:24,354 [WARN] PackLoader:238 - Cannot read IP mode file for STMicroelectronics.X-CUBE-BLEMGR.1.0.0
2022-07-22 04:18:24,372 [WARN] PackLoader:238 - Cannot read IP mode file for STMicroelectronics.X-CUBE-ALGOBUILD.1.3.0
2022-07-22 04:18:24,402 [WARN] PackLoader:238 - Cannot read IP mode file for STMicroelectronics.X-CUBE-AZRTOS-G0.1.1.0
2022-07-22 04:18:24,416 [WARN] PackLoader:238 - Cannot read IP mode file for STMicroelectronics.X-CUBE-SUBG2.5.0.0
2022-07-22 04:18:24,577 [WARN] PackLoader:238 - Cannot read IP mode file for SEGGER.I-CUBE-embOS.1.2.0
2022-07-22 04:18:24,659 [WARN] PackLoader:238 - Cannot read IP mode file for STMicroelectronics.X-CUBE-DISPLAY.2.1.0
2022-07-22 04:18:24,709 [WARN] PackLoader:238 - Cannot read IP mode file for STMicroelectronics.FP-ATR-ASTRA1.1.1.0
2022-07-22 04:18:24,737 [WARN] PackLoader:238 - Cannot read IP mode file for STMicroelectronics.X-CUBE-AZRTOS-H7.2.0.0
2022-07-22 04:18:24,760 [WARN] PackLoader:238 - Cannot read IP mode file for STMicroelectronics.X-CUBE-AZRTOS-G4.1.0.0
2022-07-22 04:18:24,822 [WARN] PackLoader:238 - Cannot read IP mode file for STMicroelectronics.X-CUBE-AZRTOS-L4.1.0.0
2022-07-22 04:18:24,878 [WARN] PackLoader:238 - Cannot read IP mode file for emotas.I-CUBE-CANOPEN.1.1.2
2022-07-22 04:18:24,882 [WARN] PackLoader:238 - Cannot read IP mode file for STMicroelectronics.X-CUBE-TOUCHGFX.4.20.0
2022-07-22 04:18:24,906 [WARN] PackLoader:238 - Cannot read IP mode file for STMicroelectronics.X-CUBE-AZRTOS-F7.1.0.0
2022-07-22 04:18:24,928 [WARN] PackLoader:238 - Cannot read IP mode file for STMicroelectronics.X-CUBE-AZRTOS-WL.1.0.0
2022-07-22 04:18:24,996 [WARN] PackLoader:238 - Cannot read IP mode file for STMicroelectronics.X-CUBE-MEMS1.9.1.0
2022-07-22 04:18:25,183 [WARN] PackLoader:238 - Cannot read IP mode file for portGmbH.I-Cube-SoM-uGOAL.1.1.0
2022-07-22 04:18:25,189 [WARN] PackLoader:238 - Cannot read IP mode file for STMicroelectronics.X-CUBE-ALS.1.0.1
2022-07-22 04:18:25,211 [WARN] PackLoader:238 - Cannot read IP mode file for STMicroelectronics.X-CUBE-AZRTOS-L5.1.0.0
2022-07-22 04:18:25,221 [WARN] PackLoader:238 - Cannot read IP mode file for STMicroelectronics.X-CUBE-EEPRMA1.3.1.1
2022-07-22 04:18:25,228 [WARN] PackLoader:238 - Cannot read IP mode file for STMicroelectronics.X-CUBE-GNSS1.5.2.0
2022-07-22 04:18:25,237 [WARN] PackLoader:238 - Cannot read IP mode file for STMicroelectronics.X-CUBE-DISPLAY.2.0.1
2022-07-22 04:18:25,246 [WARN] PackLoader:238 - Cannot read IP mode file for STMicroelectronics.X-CUBE-TOF1.3.0.0
2022-07-22 04:18:25,250 [INFO] ThirdParty:925 - Integrity check success = true
2022-07-22 04:18:25,250 [INFO] IntegrityCheckThread:94 - exiting critical section [integrity check]
2022-07-22 04:18:25,250 [INFO] IntegrityCheckThread:97 - End integrity checks thread
2022-07-22 04:18:26,577 [INFO] ApiDb:212 - Found 97 in-development CPN: [NUCLEO-C031C6, STM32C0116-DK, STM32C011D6Y3TR, STM32C011D6Y6TR, STM32C011F4P3, STM32C011F4P6, STM32C011F4U3, STM32C011F4U6TR, STM32C011F6P3, STM32C011F6P6, STM32C011F6U3, STM32C011F6U6TR, STM32C011J4M3, STM32C011J4M6, STM32C011J6M3, STM32C011J6M6, STM32C0316-DK, STM32C031C4T3, STM32C031C4T6, STM32C031C4U3, STM32C031C4U6, STM32C031C6T3, STM32C031C6T6, STM32C031C6U3, STM32C031C6U6, STM32C031F4P3, STM32C031F4P6, STM32C031F6P3, STM32C031F6P6, STM32C031G4U3, STM32C031G4U6, STM32C031G6U3, STM32C031G6U6, STM32C031K4T3, STM32C031K4T6, STM32C031K4U3, STM32C031K4U6, STM32C031K6T3, STM32C031K6T6, STM32C031K6U3, STM32C031K6U6, STM32G071K8TXN, STM32G071K8UXN, STM32G081GBU6N, STM32G081KBT6N, STM32G081KBUXN, STM32G0B1CCT6N, STM32G0B1KCT6, STM32G0B1NEY6, STM32G0B1NEY6TR, STM32G0B1RCT6N, STM32G0C1CCT6, STM32G0C1CCT6N, STM32G0C1CCU6N, STM32G0C1CET6N, STM32G0C1CEU6N, STM32G0C1KCT6, STM32G0C1NEY6TR, STM32G0C1RCI6N, STM32G0C1RCT6N, STM32G0C1REI6N, STM32G0C1RET6N, STM32G0C1VCI6, STM32G0C1VEI6, STM32G471CCT6, STM32G471CCU6, STM32G471CET3, STM32G471CET6, STM32G471CEU3, STM32G471CEU6, STM32G471MCT6, STM32G471MET3, STM32G471MET6, STM32G471MEY6TR, STM32G471QCT6, STM32G471QET3, STM32G471RCT6, STM32G471RET3, STM32G471RET6, STM32G471VCH6, STM32G471VCI6, STM32G471VCT6, STM32G471VEH3, STM32G471VEH6, STM32G471VEI3, STM32G471VEI6, STM32G471VET3, STM32G471VET6, STM32G474CCT6, STM32L4R5QGI6STR, STM32U595ZJT6Q, STM32U599BJY6QTR, STM32U599NIH6Q, STM32U599NJH6Q, STM32U5A5ZJT6Q, STM32U5A9BJY6QTR, STM32U5A9NJH6Q]
2022-07-22 04:18:26,589 [INFO] DbMcus:201 - Found 3505 MCUs, 3505 are supported
2022-07-22 04:18:26,593 [INFO] ApiDb:407 - Load user favorites file C:\Users\MY COMPUTER/.stm32cubeide/favorites.mcus.txt: 0 item(s)
2022-07-22 04:18:26,594 [INFO] ApiDb:411 - User favorites MCUs=[]
2022-07-22 04:18:26,594 [INFO] DbMcus:207 - Set 0 / 0 favorites MCUs
2022-07-22 04:18:29,384 [INFO] LoadUrlFilesThread:173 - End of LoadServerUrlFiles without Thread
2022-07-22 04:18:29,408 [INFO] DetailPanel:315 - Set advertising image to C:/Users/MY COMPUTER/STM32Cube/Repository/\en.Prom_NBSTM32U50921.jpg
2022-07-22 04:18:30,951 [INFO] MultiScanPanel:787 - Auto Refresh Data is not needed
2022-07-22 04:18:30,967 [INFO] ApiDb:654 - CubeFinder database Data Model version=2.1
2022-07-22 04:18:30,967 [INFO] ApiDb:655 - CubeFinder database Configuration version=3.0.32
2022-07-22 04:18:30,968 [INFO] ApiDb:656 - CubeFinder database generation date=2022-07-13 (1657716335)
2022-07-22 04:18:30,968 [INFO] ApiDb:657 - CubeFinder database FW Pack versions=[STM32Cube_FW_C0_V1.0.0, STM32Cube_FW_F4_V1.27.1, STM32Cube_FW_F7_V1.17.0, STM32Cube_FW_G0_V1.6.1, STM32Cube_FW_G4_V1.5.0, STM32Cube_FW_H7_V1.10.0, STM32Cube_FW_L5_V1.4.0, STM32Cube_FW_U5_V1.1.1, STM32Cube_FW_WB_V1.14.0, STM32Cube_FW_WL_V1.2.0, X-CUBE-ALGOBUILD_V1.3.0, X-CUBE-ALS_V1.0.1, X-CUBE-AZRTOS-F4_V1.0.0, X-CUBE-AZRTOS-F7_V1.1.0, X-CUBE-AZRTOS-G0_V1.1.0, X-CUBE-AZRTOS-G4_V1.0.0, X-CUBE-AZRTOS-H7_V2.1.0, X-CUBE-AZRTOS-L4_V1.0.0, X-CUBE-AZRTOS-L5_V1.0.0, X-CUBE-AZRTOS-WL_V1.0.0, X-CUBE-BLE1_V6.2.3, X-CUBE-BLE2_V3.3.0, X-CUBE-EEPRMA1_V3.1.1, X-CUBE-GNSS1_V6.0.0, X-CUBE-MEMS1_V9.1.0, X-CUBE-NFC4_V2.0.3, X-CUBE-NFC7_V1.0.0, X-CUBE-SFXS2LP1_V3.1.0, X-CUBE-SUBG2_V5.0.0]
2022-07-22 04:18:31,109 [INFO] DbBoardsSqlite:220 - include board P-NUCLEO-WB55-NUCLEO as a kit item of type 'Nucleo-64'
2022-07-22 04:18:31,110 [INFO] DbBoardsSqlite:220 - include board P-NUCLEO-WB55-USBDONGLE as a kit item of type 'Nucleo USB Dongle'
2022-07-22 04:18:31,110 [INFO] DbBoardsSqlite:220 - include board STEVAL-IDP005V1 as a kit item of type 'Evaluation Board'
2022-07-22 04:18:31,111 [INFO] DbBoardsSqlite:220 - include board STEVAL-IDP005V2 as a kit item of type 'Evaluation Board'
2022-07-22 04:18:31,162 [INFO] ApiDb:212 - Found 97 in-development CPN: [NUCLEO-C031C6, STM32C0116-DK, STM32C011D6Y3TR, STM32C011D6Y6TR, STM32C011F4P3, STM32C011F4P6, STM32C011F4U3, STM32C011F4U6TR, STM32C011F6P3, STM32C011F6P6, STM32C011F6U3, STM32C011F6U6TR, STM32C011J4M3, STM32C011J4M6, STM32C011J6M3, STM32C011J6M6, STM32C0316-DK, STM32C031C4T3, STM32C031C4T6, STM32C031C4U3, STM32C031C4U6, STM32C031C6T3, STM32C031C6T6, STM32C031C6U3, STM32C031C6U6, STM32C031F4P3, STM32C031F4P6, STM32C031F6P3, STM32C031F6P6, STM32C031G4U3, STM32C031G4U6, STM32C031G6U3, STM32C031G6U6, STM32C031K4T3, STM32C031K4T6, STM32C031K4U3, STM32C031K4U6, STM32C031K6T3, STM32C031K6T6, STM32C031K6U3, STM32C031K6U6, STM32G071K8TXN, STM32G071K8UXN, STM32G081GBU6N, STM32G081KBT6N, STM32G081KBUXN, STM32G0B1CCT6N, STM32G0B1KCT6, STM32G0B1NEY6, STM32G0B1NEY6TR, STM32G0B1RCT6N, STM32G0C1CCT6, STM32G0C1CCT6N, STM32G0C1CCU6N, STM32G0C1CET6N, STM32G0C1CEU6N, STM32G0C1KCT6, STM32G0C1NEY6TR, STM32G0C1RCI6N, STM32G0C1RCT6N, STM32G0C1REI6N, STM32G0C1RET6N, STM32G0C1VCI6, STM32G0C1VEI6, STM32G471CCT6, STM32G471CCU6, STM32G471CET3, STM32G471CET6, STM32G471CEU3, STM32G471CEU6, STM32G471MCT6, STM32G471MET3, STM32G471MET6, STM32G471MEY6TR, STM32G471QCT6, STM32G471QET3, STM32G471RCT6, STM32G471RET3, STM32G471RET6, STM32G471VCH6, STM32G471VCI6, STM32G471VCT6, STM32G471VEH3, STM32G471VEH6, STM32G471VEI3, STM32G471VEI6, STM32G471VET3, STM32G471VET6, STM32G474CCT6, STM32L4R5QGI6STR, STM32U595ZJT6Q, STM32U599BJY6QTR, STM32U599NIH6Q, STM32U599NJH6Q, STM32U5A5ZJT6Q, STM32U5A9BJY6QTR, STM32U5A9NJH6Q]
2022-07-22 04:18:31,478 [INFO] BoardInfo:872 - No configuration file found for board P-NUCLEO-WB55
2022-07-22 04:18:31,478 [INFO] DbBoards:144 - Kit is not supported: P-NUCLEO-WB55
2022-07-22 04:18:31,486 [INFO] BoardInfo:872 - No configuration file found for board STEVAL-ASTRA1B
2022-07-22 04:18:31,486 [INFO] DbBoards:144 - Board is not supported: STEVAL-ASTRA1B
2022-07-22 04:18:31,488 [INFO] BoardInfo:872 - No configuration file found for board STEVAL-BFA001V1B
2022-07-22 04:18:31,489 [INFO] DbBoards:144 - Kit is not supported: STEVAL-BFA001V1B
2022-07-22 04:18:31,491 [INFO] BoardInfo:872 - No configuration file found for board STEVAL-BFA001V2B
2022-07-22 04:18:31,491 [INFO] DbBoards:144 - Kit is not supported: STEVAL-BFA001V2B
2022-07-22 04:18:31,735 [INFO] DbBoards:148 - Found 173 boards, 169 are supported
2022-07-22 04:18:31,742 [INFO] ApiDb:407 - Load user favorites file C:\Users\MY COMPUTER/.stm32cubeide/favorites.boards.txt: 0 item(s)
2022-07-22 04:18:31,742 [INFO] ApiDb:411 - User favorites Boards=[]
2022-07-22 04:18:31,745 [INFO] DbBoards:174 - Set 0 / 0 favorites Boards
2022-07-22 04:18:35,902 [INFO] MultiScanPanel:195 - Auto-refresh data requested => check proxy status ongoing
2022-07-22 04:18:36,092 [INFO] LoadUrlFilesThread:173 - End of LoadServerUrlFiles without Thread
2022-07-22 04:18:36,092 [INFO] DetailPanel:315 - Set advertising image to C:/Users/MY COMPUTER/STM32Cube/Repository/\en.Prom_NBSTM32U50921.jpg
2022-07-22 04:18:36,108 [INFO] DbBoards:259 - Loading board mini-images...
2022-07-22 04:18:36,303 [ERROR] DbBoards:279 - No image file defined for board NUCLEO-C031C6
2022-07-22 04:18:37,520 [ERROR] DbBoards:276 - Image file not found for board P-L496G-CELL01: C:\ST\STM32CubeIDE_1.9.0\STM32CubeIDE\plugins\com.st.stm32cube.common.mx_6.5.0.202202251913\\db\/plugins/mcufinder/images/boards/P-L496G-CELL01.jpg
2022-07-22 04:18:37,567 [ERROR] DbBoards:276 - Image file not found for board STEVAL-ASTRA1B: C:\ST\STM32CubeIDE_1.9.0\STM32CubeIDE\plugins\com.st.stm32cube.common.mx_6.5.0.202202251913\\db\/plugins/mcufinder/images/boards/STEVAL-ASTRA1B_Image.jpg
2022-07-22 04:18:37,679 [ERROR] DbBoards:279 - No image file defined for board STM32091C-EVAL
2022-07-22 04:18:37,679 [ERROR] DbBoards:279 - No image file defined for board STM32100E-EVAL
2022-07-22 04:18:37,679 [ERROR] DbBoards:279 - No image file defined for board STM3210C-EVAL
2022-07-22 04:18:37,694 [ERROR] DbBoards:279 - No image file defined for board STM3221G-EVAL
2022-07-22 04:18:37,694 [ERROR] DbBoards:279 - No image file defined for board STM32303C-EVAL
2022-07-22 04:18:37,824 [ERROR] DbBoards:279 - No image file defined for board STM32479I-EVAL
2022-07-22 04:18:37,824 [ERROR] DbBoards:279 - No image file defined for board STM32746G-EVAL2
2022-07-22 04:18:37,831 [ERROR] DbBoards:279 - No image file defined for board STM32C0116-DK
2022-07-22 04:18:37,831 [ERROR] DbBoards:279 - No image file defined for board STM32C0316-DK
2022-07-22 04:18:37,871 [ERROR] DbBoards:279 - No image file defined for board STM32F401C-DISCO
2022-07-22 04:18:37,937 [ERROR] DbBoards:279 - No image file defined for board STM32F7308-DK
2022-07-22 04:18:37,979 [ERROR] DbBoards:279 - No image file defined for board STM32F779I-EVAL
2022-07-22 04:18:38,149 [ERROR] DbBoards:279 - No image file defined for board STM32H747I-EVAL
2022-07-22 04:18:38,191 [ERROR] DbBoards:279 - No image file defined for board STM32L-DISCOVERY
2022-07-22 04:18:38,236 [ERROR] DbBoards:279 - No image file defined for board STM32L152D-EVAL
2022-07-22 04:18:38,561 [INFO] DbBoards:282 - Loaded 155 board mini-images
2022-07-22 04:18:38,667 [INFO] MultiScanPanel:787 - Auto Refresh Data is not needed
2022-07-22 04:19:04,445 [INFO] McuFinderGlobals:52 - Set McuFinderConnectedMode to true
2022-07-22 04:19:04,448 [INFO] ApiDb:432 - Save user favorites file C:\Users\MY COMPUTER/.stm32cubeide/favorites.mcus.txt: 0 item(s)
2022-07-22 04:19:04,449 [INFO] ApiDb:436 - User favorites MCUs=[]
2022-07-22 04:19:04,456 [INFO] ApiDb:432 - Save user favorites file C:\Users\MY COMPUTER/.stm32cubeide/favorites.boards.txt: 0 item(s)
2022-07-22 04:19:04,456 [INFO] ApiDb:436 - User favorites Boards=[]
2022-07-25 18:20:05,337 [INFO] Activator:177 - 


2022-07-25 18:20:05,343 [INFO] Activator:178 - !SESSION log4j initialized
2022-07-26 06:10:17,374 [INFO] Activator:177 - 


2022-07-26 06:10:17,386 [INFO] Activator:178 - !SESSION log4j initialized
2022-07-26 11:32:54,365 [INFO] Activator:177 - 


2022-07-26 11:32:54,372 [INFO] Activator:178 - !SESSION log4j initialized
2022-07-26 11:40:34,732 [INFO] McuFinderGlobals:39 - Set McuFinder mode to 2 (CubeIDE integrated)
2022-07-26 11:40:35,030 [INFO] ApplicationProperties:181 - Using Application install path: C:\ST\STM32CubeIDE_1.9.0\STM32CubeIDE\plugins\com.st.stm32cube.common.mx_6.5.0.202202251913
2022-07-26 11:40:35,055 [INFO] DbMcusXml:72 - Set database path to: C:\ST\STM32CubeIDE_1.9.0\STM32CubeIDE\plugins\com.st.stm32cube.common.mx_6.5.0.202202251913\\db\/mcu/
2022-07-26 11:40:35,056 [INFO] ApiDb:260 - Set plugin database path to: C:\ST\STM32CubeIDE_1.9.0\STM32CubeIDE\plugins\com.st.stm32cube.common.mx_6.5.0.202202251913\\db\/plugins/boardmanager/
2022-07-26 11:40:35,059 [WARN] ApiDb:245 - Overriding images path with different value:  => C:\ST\STM32CubeIDE_1.9.0\STM32CubeIDE\plugins\com.st.stm32cube.common.mx_6.5.0.202202251913\\db\/plugins/mcufinder/images/
2022-07-26 11:40:35,081 [INFO] ApiDb:226 - Set database path to: C:\Users\MY COMPUTER\.stmcufinder\plugins\mcufinder//mcu/
2022-07-26 11:40:35,083 [INFO] DbMcusAds:119 - Set database path to: C:\Users\MY COMPUTER\.stmcufinder\plugins\mcufinder//mcu/
2022-07-26 11:40:35,761 [INFO] CrossReferenceDbSqlite:196 - Set database path to: C:\Users\MY COMPUTER\.stmcufinder\plugins\mcufinder//mcu/cs/
2022-07-26 11:40:35,910 [INFO] RulesReader:57 - Compatibility file has been processed (281 Rules)
2022-07-26 11:40:36,049 [INFO] DbMcusXml:72 - Set database path to: C:\ST\STM32CubeIDE_1.9.0\STM32CubeIDE\plugins\com.st.stm32cube.common.mx_6.5.0.202202251913\\db\/mcu/
2022-07-26 11:40:36,050 [INFO] ApiDb:260 - Set plugin database path to: C:\ST\STM32CubeIDE_1.9.0\STM32CubeIDE\plugins\com.st.stm32cube.common.mx_6.5.0.202202251913\\db\/plugins/boardmanager/
2022-07-26 11:40:36,050 [INFO] ApiDb:247 - Set plugin images path to: C:\ST\STM32CubeIDE_1.9.0\STM32CubeIDE\plugins\com.st.stm32cube.common.mx_6.5.0.202202251913\\db\/plugins/mcufinder/images/
2022-07-26 11:40:36,051 [WARN] DbFile:35 - Overriding database path with different value: C:\Users\MY COMPUTER\.stmcufinder\plugins\mcufinder/ => C:\Users\MY COMPUTER\.stmcufinder\plugins\mcufinder
2022-07-26 11:40:36,051 [INFO] ApiDb:226 - Set database path to: C:\Users\MY COMPUTER\.stmcufinder\plugins\mcufinder//mcu/
2022-07-26 11:40:36,052 [WARN] DbFile:35 - Overriding database path with different value: C:\Users\MY COMPUTER\.stmcufinder\plugins\mcufinder/ => C:\Users\MY COMPUTER\.stmcufinder\plugins\mcufinder
2022-07-26 11:40:36,052 [INFO] DbMcusAds:119 - Set database path to: C:\Users\MY COMPUTER\.stmcufinder\plugins\mcufinder//mcu/
2022-07-26 11:40:36,053 [WARN] DbFile:35 - Overriding database path with different value: C:\Users\MY COMPUTER\.stmcufinder\plugins\mcufinder/ => C:\Users\MY COMPUTER\.stmcufinder\plugins\mcufinder
2022-07-26 11:40:36,054 [WARN] DbFile:35 - Overriding database path with different value: C:\Users\MY COMPUTER\.stmcufinder\plugins\mcufinder/ => C:\Users\MY COMPUTER\.stmcufinder\plugins\mcufinder
2022-07-26 11:40:36,762 [INFO] CrossReferenceDbSqlite:196 - Set database path to: C:\Users\MY COMPUTER\.stmcufinder\plugins\mcufinder//mcu/cs/
2022-07-26 11:40:37,067 [INFO] MainPanel:230 - HeapMemory: 552599552
2022-07-26 11:40:37,313 [INFO] DbMcusXml:72 - Set database path to: C:\ST\STM32CubeIDE_1.9.0\STM32CubeIDE\plugins\com.st.stm32cube.common.mx_6.5.0.202202251913\\db\/mcu/
2022-07-26 11:40:37,313 [INFO] ApiDb:260 - Set plugin database path to: C:\ST\STM32CubeIDE_1.9.0\STM32CubeIDE\plugins\com.st.stm32cube.common.mx_6.5.0.202202251913\\db\/plugins/boardmanager/
2022-07-26 11:40:37,314 [INFO] ApiDb:247 - Set plugin images path to: C:\ST\STM32CubeIDE_1.9.0\STM32CubeIDE\plugins\com.st.stm32cube.common.mx_6.5.0.202202251913\\db\/plugins/mcufinder/images/
2022-07-26 11:40:37,315 [WARN] DbFile:35 - Overriding database path with different value: C:\Users\MY COMPUTER\.stmcufinder\plugins\mcufinder/ => C:\Users\MY COMPUTER\.stmcufinder\plugins\mcufinder
2022-07-26 11:40:37,315 [INFO] ApiDb:226 - Set database path to: C:\Users\MY COMPUTER\.stmcufinder\plugins\mcufinder//mcu/
2022-07-26 11:40:37,315 [WARN] DbFile:35 - Overriding database path with different value: C:\Users\MY COMPUTER\.stmcufinder\plugins\mcufinder/ => C:\Users\MY COMPUTER\.stmcufinder\plugins\mcufinder
2022-07-26 11:40:37,315 [INFO] DbMcusAds:119 - Set database path to: C:\Users\MY COMPUTER\.stmcufinder\plugins\mcufinder//mcu/
2022-07-26 11:40:37,315 [WARN] DbFile:35 - Overriding database path with different value: C:\Users\MY COMPUTER\.stmcufinder\plugins\mcufinder/ => C:\Users\MY COMPUTER\.stmcufinder\plugins\mcufinder
2022-07-26 11:40:37,315 [WARN] DbFile:35 - Overriding database path with different value: C:\Users\MY COMPUTER\.stmcufinder\plugins\mcufinder/ => C:\Users\MY COMPUTER\.stmcufinder\plugins\mcufinder
2022-07-26 11:40:38,262 [INFO] CrossReferenceDbSqlite:196 - Set database path to: C:\Users\MY COMPUTER\.stmcufinder\plugins\mcufinder//mcu/cs/
2022-07-26 11:40:38,312 [INFO] ApplicationProperties:181 - Using Application install path: C:\ST\STM32CubeIDE_1.9.0\STM32CubeIDE\plugins\com.st.stm32cube.common.mx_6.5.0.202202251913
2022-07-26 11:40:38,314 [INFO] PluginManage:188 - Search for loadable plugins [exclusion list=, ]
2022-07-26 11:40:38,316 [INFO] PluginManage:302 - Check plugin analytics
2022-07-26 11:40:39,385 [INFO] AnalyticsPlugin:257 - Accepted Software Licenses: 
2022-07-26 11:40:39,385 [INFO] AnalyticsPlugin:259 - Accepted CMSIS Pack Licenses: 
2022-07-26 11:40:39,389 [INFO] AnalyticsPlugin:261 - Accepted Firmware Licenses: 
2022-07-26 11:40:39,422 [INFO] PluginManage:352 - Loaded plugin analytics (category:tool,tabindex:-1)
2022-07-26 11:40:39,424 [INFO] PluginManage:302 - Check plugin clock
2022-07-26 11:40:39,460 [INFO] PluginManage:352 - Loaded plugin clock (category:base,tabindex:2)
2022-07-26 11:40:39,460 [INFO] PluginManage:302 - Check plugin ddr
2022-07-26 11:40:39,464 [INFO] PluginManage:352 - Loaded plugin ddr (category:tool,tabindex:6)
2022-07-26 11:40:39,464 [INFO] PluginManage:302 - Check plugin filemanager
2022-07-26 11:40:39,659 [INFO] PluginManage:352 - Loaded plugin filemanager (category:base,tabindex:10)
2022-07-26 11:40:39,659 [INFO] PluginManage:302 - Check plugin ipmanager
2022-07-26 11:40:39,675 [INFO] PluginManage:352 - Loaded plugin ipmanager (category:base,tabindex:5)
2022-07-26 11:40:39,675 [INFO] PluginManage:302 - Check plugin lpbam
2022-07-26 11:40:39,765 [INFO] PluginManage:352 - Loaded plugin lpbam (category:base,tabindex:0)
2022-07-26 11:40:39,766 [INFO] PluginManage:302 - Check plugin pinoutandconfiguration
2022-07-26 11:40:39,803 [INFO] PluginManage:352 - Loaded plugin pinoutandconfiguration (category:base,tabindex:1)
2022-07-26 11:40:39,803 [INFO] PluginManage:302 - Check plugin pinoutconfig
2022-07-26 11:40:39,888 [INFO] PluginManage:352 - Loaded plugin pinoutconfig (category:base,tabindex:0)
2022-07-26 11:40:39,889 [INFO] PluginManage:302 - Check plugin power
2022-07-26 11:40:39,920 [INFO] PluginManage:352 - Loaded plugin power (category:power,tabindex:4)
2022-07-26 11:40:39,920 [INFO] PluginManage:302 - Check plugin projectmanager
2022-07-26 11:40:39,949 [INFO] PluginManage:352 - Loaded plugin projectmanager (category:projectmanager,tabindex:3)
2022-07-26 11:40:39,950 [INFO] PluginManage:302 - Check plugin thirdparty
2022-07-26 11:40:40,279 [WARN] IntegrityCheckThread:78 - waiting for thirdparty lock release [integrity check]
2022-07-26 11:40:40,280 [INFO] PluginManage:352 - Loaded plugin thirdparty (category:base,tabindex:-1)
2022-07-26 11:40:40,280 [INFO] IntegrityCheckThread:80 - entering critical section [integrity check]
2022-07-26 11:40:40,280 [INFO] PluginManage:302 - Check plugin tools
2022-07-26 11:40:40,286 [INFO] ThirdPartyUpdaterWithRetryManager:66 - Updater plugin not ready yet. [1/15]
2022-07-26 11:40:40,334 [INFO] PluginManage:352 - Loaded plugin tools (category:base,tabindex:7)
2022-07-26 11:40:40,334 [INFO] PluginManage:302 - Check plugin tutovideos
2022-07-26 11:40:40,690 [INFO] PluginManage:352 - Loaded plugin tutovideos (category:base,tabindex:-1)
2022-07-26 11:40:40,691 [INFO] PluginManage:302 - Check plugin updater
2022-07-26 11:40:40,710 [INFO] PluginManage:352 - Loaded plugin updater (category:base,tabindex:12)
2022-07-26 11:40:40,711 [INFO] PluginManage:275 - PluginManage : Loaded plugins [14]
2022-07-26 11:40:41,216 [INFO] PinOutPanel:1465 - setPackage(No Configuration,No Configuration)
2022-07-26 11:40:41,367 [INFO] IPUIPlugin:75 - create IPUIPlugin
2022-07-26 11:40:41,368 [INFO] PluginManager:213 - loadIPPluginJar : add adc
2022-07-26 11:40:41,402 [INFO] IPUIPlugin:75 - create IPUIPlugin
2022-07-26 11:40:41,403 [INFO] PluginManager:213 - loadIPPluginJar : add aes
2022-07-26 11:40:41,444 [INFO] IPUIPlugin:75 - create IPUIPlugin
2022-07-26 11:40:41,445 [INFO] PluginManager:213 - loadIPPluginJar : add can
2022-07-26 11:40:41,471 [INFO] IPUIPlugin:75 - create IPUIPlugin
2022-07-26 11:40:41,472 [INFO] PluginManager:213 - loadIPPluginJar : add comp
2022-07-26 11:40:41,500 [INFO] IPUIPlugin:75 - create IPUIPlugin
2022-07-26 11:40:41,500 [INFO] PluginManager:213 - loadIPPluginJar : add cryp
2022-07-26 11:40:41,531 [INFO] IPUIPlugin:75 - create IPUIPlugin
2022-07-26 11:40:41,531 [INFO] PluginManager:213 - loadIPPluginJar : add dfsdm
2022-07-26 11:40:41,550 [INFO] IPUIPlugin:75 - create IPUIPlugin
2022-07-26 11:40:41,550 [INFO] PluginManager:213 - loadIPPluginJar : add dma
2022-07-26 11:40:41,591 [INFO] IPUIPlugin:75 - create IPUIPlugin
2022-07-26 11:40:41,591 [INFO] PluginManager:213 - loadIPPluginJar : add dma3
2022-07-26 11:40:41,609 [INFO] IPUIPlugin:75 - create IPUIPlugin
2022-07-26 11:40:41,609 [INFO] PluginManager:213 - loadIPPluginJar : add fatfs
2022-07-26 11:40:41,653 [INFO] IPUIPlugin:75 - create IPUIPlugin
2022-07-26 11:40:41,654 [INFO] PluginManager:213 - loadIPPluginJar : add fmc
2022-07-26 11:40:41,671 [INFO] IPUIPlugin:75 - create IPUIPlugin
2022-07-26 11:40:41,672 [INFO] PluginManager:213 - loadIPPluginJar : add freertos
2022-07-26 11:40:41,690 [INFO] IPUIPlugin:75 - create IPUIPlugin
2022-07-26 11:40:41,691 [INFO] PluginManager:213 - loadIPPluginJar : add genericplugin
2022-07-26 11:40:41,772 [INFO] IPUIPlugin:75 - create IPUIPlugin
2022-07-26 11:40:41,772 [INFO] PluginManager:213 - loadIPPluginJar : add gfxmmu
2022-07-26 11:40:41,895 [INFO] IPUIPlugin:75 - create IPUIPlugin
2022-07-26 11:40:41,895 [INFO] PluginManager:213 - loadIPPluginJar : add gic
2022-07-26 11:40:41,910 [INFO] IPUIPlugin:75 - create IPUIPlugin
2022-07-26 11:40:41,910 [INFO] PluginManager:213 - loadIPPluginJar : add gpio
2022-07-26 11:40:41,988 [INFO] IPUIPlugin:75 - create IPUIPlugin
2022-07-26 11:40:41,989 [INFO] PluginManager:213 - loadIPPluginJar : add gtzc
2022-07-26 11:40:42,014 [INFO] IPUIPlugin:75 - create IPUIPlugin
2022-07-26 11:40:42,014 [INFO] PluginManager:213 - loadIPPluginJar : add hash
2022-07-26 11:40:42,075 [INFO] IPUIPlugin:75 - create IPUIPlugin
2022-07-26 11:40:42,075 [INFO] PluginManager:213 - loadIPPluginJar : add i2c
2022-07-26 11:40:42,124 [INFO] IPUIPlugin:75 - create IPUIPlugin
2022-07-26 11:40:42,125 [INFO] PluginManager:213 - loadIPPluginJar : add i2s
2022-07-26 11:40:42,146 [INFO] IPUIPlugin:75 - create IPUIPlugin
2022-07-26 11:40:42,147 [INFO] PluginManager:213 - loadIPPluginJar : add ipddr
2022-07-26 11:40:42,285 [INFO] IPUIPlugin:75 - create IPUIPlugin
2022-07-26 11:40:42,285 [INFO] PluginManager:213 - loadIPPluginJar : add linkedlist
2022-07-26 11:40:42,342 [INFO] IPUIPlugin:75 - create IPUIPlugin
2022-07-26 11:40:42,342 [INFO] PluginManager:213 - loadIPPluginJar : add lorawan
2022-07-26 11:40:42,387 [INFO] IPUIPlugin:75 - create IPUIPlugin
2022-07-26 11:40:42,388 [INFO] PluginManager:213 - loadIPPluginJar : add ltdc
2022-07-26 11:40:42,408 [INFO] IPUIPlugin:75 - create IPUIPlugin
2022-07-26 11:40:42,409 [INFO] PluginManager:213 - loadIPPluginJar : add mdma
2022-07-26 11:40:42,424 [INFO] IPUIPlugin:75 - create IPUIPlugin
2022-07-26 11:40:42,425 [INFO] PluginManager:213 - loadIPPluginJar : add nvic
2022-07-26 11:40:42,460 [INFO] IPUIPlugin:75 - create IPUIPlugin
2022-07-26 11:40:42,461 [INFO] PluginManager:213 - loadIPPluginJar : add opamp
2022-07-26 11:40:42,524 [INFO] IPUIPlugin:75 - create IPUIPlugin
2022-07-26 11:40:42,524 [INFO] PluginManager:213 - loadIPPluginJar : add openamp
2022-07-26 11:40:42,565 [INFO] IPUIPlugin:75 - create IPUIPlugin
2022-07-26 11:40:42,565 [INFO] PluginManager:213 - loadIPPluginJar : add pdm2pcm
2022-07-26 11:40:42,583 [INFO] IPUIPlugin:75 - create IPUIPlugin
2022-07-26 11:40:42,586 [INFO] PluginManager:213 - loadIPPluginJar : add plateformsettings
2022-07-26 11:40:42,614 [INFO] IPUIPlugin:75 - create IPUIPlugin
2022-07-26 11:40:42,614 [INFO] PluginManager:213 - loadIPPluginJar : add quadspi
2022-07-26 11:40:42,631 [INFO] IPUIPlugin:75 - create IPUIPlugin
2022-07-26 11:40:42,632 [INFO] PluginManager:213 - loadIPPluginJar : add resmgrutility
2022-07-26 11:40:42,690 [INFO] IPUIPlugin:75 - create IPUIPlugin
2022-07-26 11:40:42,690 [INFO] PluginManager:213 - loadIPPluginJar : add sai
2022-07-26 11:40:42,725 [INFO] IPUIPlugin:75 - create IPUIPlugin
2022-07-26 11:40:42,725 [INFO] PluginManager:213 - loadIPPluginJar : add spi
2022-07-26 11:40:42,780 [INFO] IPUIPlugin:75 - create IPUIPlugin
2022-07-26 11:40:42,780 [INFO] PluginManager:213 - loadIPPluginJar : add stm32_wpan
2022-07-26 11:40:42,802 [INFO] IPUIPlugin:75 - create IPUIPlugin
2022-07-26 11:40:42,802 [INFO] PluginManager:213 - loadIPPluginJar : add tim
2022-07-26 11:40:42,859 [INFO] IPUIPlugin:75 - create IPUIPlugin
2022-07-26 11:40:42,859 [INFO] PluginManager:213 - loadIPPluginJar : add touchsensing
2022-07-26 11:40:42,881 [INFO] IPUIPlugin:75 - create IPUIPlugin
2022-07-26 11:40:42,881 [INFO] PluginManager:213 - loadIPPluginJar : add tracer_emb
2022-07-26 11:40:42,905 [INFO] IPUIPlugin:75 - create IPUIPlugin
2022-07-26 11:40:42,906 [INFO] PluginManager:213 - loadIPPluginJar : add ts
2022-07-26 11:40:42,926 [INFO] IPUIPlugin:75 - create IPUIPlugin
2022-07-26 11:40:42,926 [INFO] PluginManager:213 - loadIPPluginJar : add tsc
2022-07-26 11:40:42,947 [INFO] IPUIPlugin:75 - create IPUIPlugin
2022-07-26 11:40:42,947 [INFO] PluginManager:213 - loadIPPluginJar : add ucpd
2022-07-26 11:40:42,991 [INFO] IPUIPlugin:75 - create IPUIPlugin
2022-07-26 11:40:42,992 [INFO] PluginManager:213 - loadIPPluginJar : add usart
2022-07-26 11:40:43,036 [INFO] IPUIPlugin:75 - create IPUIPlugin
2022-07-26 11:40:43,036 [INFO] PluginManager:213 - loadIPPluginJar : add usbx
2022-07-26 11:40:43,302 [INFO] ThirdPartyUpdaterWithRetryManager:66 - Updater plugin not ready yet. [2/15]
2022-07-26 11:40:43,582 [FATAL] Updater:297 - Updater called before beeing initialized
2022-07-26 11:40:44,134 [FATAL] Updater:297 - Updater called before beeing initialized
2022-07-26 11:40:44,155 [INFO] DbMcusAds:47 - JSON generation date=Thu Sep 30 13:55:09 ICT 2021 (1632984909377)
2022-07-26 11:40:44,155 [FATAL] Updater:297 - Updater called before beeing initialized
2022-07-26 11:40:44,400 [WARN] DetailPanel:320 - Failed to get advertising image, set to default
2022-07-26 11:40:44,639 [FATAL] Updater:297 - Updater called before beeing initialized
2022-07-26 11:40:44,642 [FATAL] Updater:297 - Updater called before beeing initialized
2022-07-26 11:40:44,642 [FATAL] Updater:297 - Updater called before beeing initialized
2022-07-26 11:40:44,643 [WARN] DetailPanel:320 - Failed to get advertising image, set to default
2022-07-26 11:40:44,644 [FATAL] Updater:297 - Updater called before beeing initialized
2022-07-26 11:40:44,733 [INFO] Updater:1026 - Updater Version found : 6.5.0
2022-07-26 11:40:44,761 [INFO] ApplicationProperties:181 - Using Application install path: C:\ST\STM32CubeIDE_1.9.0\STM32CubeIDE\plugins\com.st.stm32cube.common.mx_6.5.0.202202251913
2022-07-26 11:40:45,063 [INFO] MainUpdater:2729 - connection check result : 10
2022-07-26 11:40:45,064 [INFO] MainUpdater:276 - Updater Check For Update Now.
2022-07-26 11:40:45,070 [INFO] MicroXplorer:477 - Change Database Version : DB.6.0.50
2022-07-26 11:40:45,359 [INFO] CheckServerUpdateThread:115 - End of CheckServer Thread
2022-07-26 11:40:45,530 [INFO] MainUpdater:2729 - connection check result : 10
2022-07-26 11:40:45,565 [INFO] McuFinderGlobals:52 - Set McuFinderConnectedMode to true
2022-07-26 11:40:45,946 [INFO] ServerAccessManage:359 - Download File mcusAds.json._tmp_
2022-07-26 11:40:46,081 [INFO] LoadUrlFilesThread:146 - End of LoadUrlFiles Thread
2022-07-26 11:40:46,177 [INFO] ServerAccessManage:359 - Download File cube-finder-db.zip
2022-07-26 11:40:46,309 [WARN] MainUpdater:1180 - Updater busy. Cannot search thirdparties
2022-07-26 11:40:46,310 [INFO] ThirdPartyUpdaterWithRetryManager:92 - Updater plugin is busy. [1/15]
2022-07-26 11:40:49,315 [WARN] MainUpdater:1180 - Updater busy. Cannot search thirdparties
2022-07-26 11:40:49,315 [INFO] ThirdPartyUpdaterWithRetryManager:92 - Updater plugin is busy. [2/15]
2022-07-26 11:40:52,327 [WARN] MainUpdater:1180 - Updater busy. Cannot search thirdparties
2022-07-26 11:40:52,327 [INFO] ThirdPartyUpdaterWithRetryManager:92 - Updater plugin is busy. [3/15]
2022-07-26 11:40:55,332 [WARN] MainUpdater:1180 - Updater busy. Cannot search thirdparties
2022-07-26 11:40:55,332 [INFO] ThirdPartyUpdaterWithRetryManager:92 - Updater plugin is busy. [4/15]
2022-07-26 11:40:56,278 [INFO] FileExtend:235 - Unzip File : cube-finder-db.zip
2022-07-26 11:40:56,278 [INFO] FileExtend:250 - Standard Zip Deflate
2022-07-26 11:40:58,391 [WARN] MainUpdater:1180 - Updater busy. Cannot search thirdparties
2022-07-26 11:40:58,392 [INFO] ThirdPartyUpdaterWithRetryManager:92 - Updater plugin is busy. [5/15]
2022-07-26 11:40:58,882 [INFO] LoadUrlFilesThread:146 - End of LoadUrlFiles Thread
2022-07-26 11:41:01,407 [WARN] MainUpdater:1180 - Updater busy. Cannot search thirdparties
2022-07-26 11:41:01,407 [INFO] ThirdPartyUpdaterWithRetryManager:92 - Updater plugin is busy. [6/15]
2022-07-26 11:41:02,157 [INFO] ServerAccessManage:359 - Download File crdb.zip
2022-07-26 11:41:04,020 [INFO] FileExtend:235 - Unzip File : crdb.zip
2022-07-26 11:41:04,020 [INFO] FileExtend:250 - Standard Zip Deflate
2022-07-26 11:41:04,175 [INFO] LoadUrlFilesThread:146 - End of LoadUrlFiles Thread
2022-07-26 11:41:04,274 [INFO] ServerAccessManage:359 - Download File tutoVideoDB.zip
2022-07-26 11:41:04,314 [INFO] FileExtend:235 - Unzip File : tutoVideoDB.zip
2022-07-26 11:41:04,314 [INFO] FileExtend:250 - Standard Zip Deflate
2022-07-26 11:41:04,407 [WARN] MainUpdater:1180 - Updater busy. Cannot search thirdparties
2022-07-26 11:41:04,408 [INFO] ThirdPartyUpdaterWithRetryManager:92 - Updater plugin is busy. [7/15]
2022-07-26 11:41:04,441 [INFO] LoadUrlFilesThread:146 - End of LoadUrlFiles Thread
2022-07-26 11:41:04,444 [INFO] DbMcusAds:47 - JSON generation date=Thu Sep 30 13:55:09 ICT 2021 (1632984909377)
2022-07-26 11:41:04,486 [INFO] LoadUrlFilesThread:173 - End of LoadServerUrlFiles without Thread
2022-07-26 11:41:04,486 [INFO] TargetSelectorAdapter:228 - Refresh data is successful
2022-07-26 11:41:04,707 [INFO] ApiDb:567 - Connected to CubeFinder SQLite database (C:\Users\MY COMPUTER\.stmcufinder\plugins\mcufinder\mcu\cube-finder-db.db)
2022-07-26 11:41:04,758 [INFO] ApiDb:654 - CubeFinder database Data Model version=2.1
2022-07-26 11:41:04,759 [INFO] ApiDb:655 - CubeFinder database Configuration version=3.0.32
2022-07-26 11:41:04,759 [INFO] ApiDb:656 - CubeFinder database generation date=2022-07-13 (1657716335)
2022-07-26 11:41:04,760 [INFO] ApiDb:657 - CubeFinder database FW Pack versions=[STM32Cube_FW_C0_V1.0.0, STM32Cube_FW_F4_V1.27.1, STM32Cube_FW_F7_V1.17.0, STM32Cube_FW_G0_V1.6.1, STM32Cube_FW_G4_V1.5.0, STM32Cube_FW_H7_V1.10.0, STM32Cube_FW_L5_V1.4.0, STM32Cube_FW_U5_V1.1.1, STM32Cube_FW_WB_V1.14.0, STM32Cube_FW_WL_V1.2.0, X-CUBE-ALGOBUILD_V1.3.0, X-CUBE-ALS_V1.0.1, X-CUBE-AZRTOS-F4_V1.0.0, X-CUBE-AZRTOS-F7_V1.1.0, X-CUBE-AZRTOS-G0_V1.1.0, X-CUBE-AZRTOS-G4_V1.0.0, X-CUBE-AZRTOS-H7_V2.1.0, X-CUBE-AZRTOS-L4_V1.0.0, X-CUBE-AZRTOS-L5_V1.0.0, X-CUBE-AZRTOS-WL_V1.0.0, X-CUBE-BLE1_V6.2.3, X-CUBE-BLE2_V3.3.0, X-CUBE-EEPRMA1_V3.1.1, X-CUBE-GNSS1_V6.0.0, X-CUBE-MEMS1_V9.1.0, X-CUBE-NFC4_V2.0.3, X-CUBE-NFC7_V1.0.0, X-CUBE-SFXS2LP1_V3.1.0, X-CUBE-SUBG2_V5.0.0]
2022-07-26 11:41:07,339 [INFO] ApiDb:212 - Found 97 in-development CPN: [NUCLEO-C031C6, STM32C0116-DK, STM32C011D6Y3TR, STM32C011D6Y6TR, STM32C011F4P3, STM32C011F4P6, STM32C011F4U3, STM32C011F4U6TR, STM32C011F6P3, STM32C011F6P6, STM32C011F6U3, STM32C011F6U6TR, STM32C011J4M3, STM32C011J4M6, STM32C011J6M3, STM32C011J6M6, STM32C0316-DK, STM32C031C4T3, STM32C031C4T6, STM32C031C4U3, STM32C031C4U6, STM32C031C6T3, STM32C031C6T6, STM32C031C6U3, STM32C031C6U6, STM32C031F4P3, STM32C031F4P6, STM32C031F6P3, STM32C031F6P6, STM32C031G4U3, STM32C031G4U6, STM32C031G6U3, STM32C031G6U6, STM32C031K4T3, STM32C031K4T6, STM32C031K4U3, STM32C031K4U6, STM32C031K6T3, STM32C031K6T6, STM32C031K6U3, STM32C031K6U6, STM32G071K8TXN, STM32G071K8UXN, STM32G081GBU6N, STM32G081KBT6N, STM32G081KBUXN, STM32G0B1CCT6N, STM32G0B1KCT6, STM32G0B1NEY6, STM32G0B1NEY6TR, STM32G0B1RCT6N, STM32G0C1CCT6, STM32G0C1CCT6N, STM32G0C1CCU6N, STM32G0C1CET6N, STM32G0C1CEU6N, STM32G0C1KCT6, STM32G0C1NEY6TR, STM32G0C1RCI6N, STM32G0C1RCT6N, STM32G0C1REI6N, STM32G0C1RET6N, STM32G0C1VCI6, STM32G0C1VEI6, STM32G471CCT6, STM32G471CCU6, STM32G471CET3, STM32G471CET6, STM32G471CEU3, STM32G471CEU6, STM32G471MCT6, STM32G471MET3, STM32G471MET6, STM32G471MEY6TR, STM32G471QCT6, STM32G471QET3, STM32G471RCT6, STM32G471RET3, STM32G471RET6, STM32G471VCH6, STM32G471VCI6, STM32G471VCT6, STM32G471VEH3, STM32G471VEH6, STM32G471VEI3, STM32G471VEI6, STM32G471VET3, STM32G471VET6, STM32G474CCT6, STM32L4R5QGI6STR, STM32U595ZJT6Q, STM32U599BJY6QTR, STM32U599NIH6Q, STM32U599NJH6Q, STM32U5A5ZJT6Q, STM32U5A9BJY6QTR, STM32U5A9NJH6Q]
2022-07-26 11:41:07,344 [INFO] DbMcus:201 - Found 3505 MCUs, 3505 are supported
2022-07-26 11:41:07,352 [INFO] ApiDb:407 - Load user favorites file C:\Users\MY COMPUTER/.stm32cubeide/favorites.mcus.txt: 0 item(s)
2022-07-26 11:41:07,353 [INFO] ApiDb:411 - User favorites MCUs=[]
2022-07-26 11:41:07,353 [INFO] DbMcus:207 - Set 0 / 0 favorites MCUs
2022-07-26 11:41:07,358 [INFO] ApiDb:654 - CubeFinder database Data Model version=2.1
2022-07-26 11:41:07,358 [INFO] ApiDb:655 - CubeFinder database Configuration version=3.0.32
2022-07-26 11:41:07,359 [INFO] ApiDb:656 - CubeFinder database generation date=2022-07-13 (1657716335)
2022-07-26 11:41:07,359 [INFO] ApiDb:657 - CubeFinder database FW Pack versions=[STM32Cube_FW_C0_V1.0.0, STM32Cube_FW_F4_V1.27.1, STM32Cube_FW_F7_V1.17.0, STM32Cube_FW_G0_V1.6.1, STM32Cube_FW_G4_V1.5.0, STM32Cube_FW_H7_V1.10.0, STM32Cube_FW_L5_V1.4.0, STM32Cube_FW_U5_V1.1.1, STM32Cube_FW_WB_V1.14.0, STM32Cube_FW_WL_V1.2.0, X-CUBE-ALGOBUILD_V1.3.0, X-CUBE-ALS_V1.0.1, X-CUBE-AZRTOS-F4_V1.0.0, X-CUBE-AZRTOS-F7_V1.1.0, X-CUBE-AZRTOS-G0_V1.1.0, X-CUBE-AZRTOS-G4_V1.0.0, X-CUBE-AZRTOS-H7_V2.1.0, X-CUBE-AZRTOS-L4_V1.0.0, X-CUBE-AZRTOS-L5_V1.0.0, X-CUBE-AZRTOS-WL_V1.0.0, X-CUBE-BLE1_V6.2.3, X-CUBE-BLE2_V3.3.0, X-CUBE-EEPRMA1_V3.1.1, X-CUBE-GNSS1_V6.0.0, X-CUBE-MEMS1_V9.1.0, X-CUBE-NFC4_V2.0.3, X-CUBE-NFC7_V1.0.0, X-CUBE-SFXS2LP1_V3.1.0, X-CUBE-SUBG2_V5.0.0]
2022-07-26 11:41:07,438 [INFO] DbBoardsSqlite:220 - include board P-NUCLEO-WB55-NUCLEO as a kit item of type 'Nucleo-64'
2022-07-26 11:41:07,439 [INFO] DbBoardsSqlite:220 - include board P-NUCLEO-WB55-USBDONGLE as a kit item of type 'Nucleo USB Dongle'
2022-07-26 11:41:07,439 [INFO] DbBoardsSqlite:220 - include board STEVAL-IDP005V1 as a kit item of type 'Evaluation Board'
2022-07-26 11:41:07,439 [INFO] DbBoardsSqlite:220 - include board STEVAL-IDP005V2 as a kit item of type 'Evaluation Board'
2022-07-26 11:41:07,451 [INFO] ApiDb:212 - Found 97 in-development CPN: [NUCLEO-C031C6, STM32C0116-DK, STM32C011D6Y3TR, STM32C011D6Y6TR, STM32C011F4P3, STM32C011F4P6, STM32C011F4U3, STM32C011F4U6TR, STM32C011F6P3, STM32C011F6P6, STM32C011F6U3, STM32C011F6U6TR, STM32C011J4M3, STM32C011J4M6, STM32C011J6M3, STM32C011J6M6, STM32C0316-DK, STM32C031C4T3, STM32C031C4T6, STM32C031C4U3, STM32C031C4U6, STM32C031C6T3, STM32C031C6T6, STM32C031C6U3, STM32C031C6U6, STM32C031F4P3, STM32C031F4P6, STM32C031F6P3, STM32C031F6P6, STM32C031G4U3, STM32C031G4U6, STM32C031G6U3, STM32C031G6U6, STM32C031K4T3, STM32C031K4T6, STM32C031K4U3, STM32C031K4U6, STM32C031K6T3, STM32C031K6T6, STM32C031K6U3, STM32C031K6U6, STM32G071K8TXN, STM32G071K8UXN, STM32G081GBU6N, STM32G081KBT6N, STM32G081KBUXN, STM32G0B1CCT6N, STM32G0B1KCT6, STM32G0B1NEY6, STM32G0B1NEY6TR, STM32G0B1RCT6N, STM32G0C1CCT6, STM32G0C1CCT6N, STM32G0C1CCU6N, STM32G0C1CET6N, STM32G0C1CEU6N, STM32G0C1KCT6, STM32G0C1NEY6TR, STM32G0C1RCI6N, STM32G0C1RCT6N, STM32G0C1REI6N, STM32G0C1RET6N, STM32G0C1VCI6, STM32G0C1VEI6, STM32G471CCT6, STM32G471CCU6, STM32G471CET3, STM32G471CET6, STM32G471CEU3, STM32G471CEU6, STM32G471MCT6, STM32G471MET3, STM32G471MET6, STM32G471MEY6TR, STM32G471QCT6, STM32G471QET3, STM32G471RCT6, STM32G471RET3, STM32G471RET6, STM32G471VCH6, STM32G471VCI6, STM32G471VCT6, STM32G471VEH3, STM32G471VEH6, STM32G471VEI3, STM32G471VEI6, STM32G471VET3, STM32G471VET6, STM32G474CCT6, STM32L4R5QGI6STR, STM32U595ZJT6Q, STM32U599BJY6QTR, STM32U599NIH6Q, STM32U599NJH6Q, STM32U5A5ZJT6Q, STM32U5A9BJY6QTR, STM32U5A9NJH6Q]
2022-07-26 11:41:07,730 [INFO] BoardInfo:872 - No configuration file found for board P-NUCLEO-WB55
2022-07-26 11:41:07,731 [INFO] DbBoards:144 - Kit is not supported: P-NUCLEO-WB55
2022-07-26 11:41:07,736 [WARN] PackLoader:238 - Cannot read IP mode file for wolfSSL.I-CUBE-wolfSSL.5.2.0
2022-07-26 11:41:07,736 [INFO] BoardInfo:872 - No configuration file found for board STEVAL-ASTRA1B
2022-07-26 11:41:07,736 [INFO] DbBoards:144 - Board is not supported: STEVAL-ASTRA1B
2022-07-26 11:41:07,738 [INFO] BoardInfo:872 - No configuration file found for board STEVAL-BFA001V1B
2022-07-26 11:41:07,739 [INFO] DbBoards:144 - Kit is not supported: STEVAL-BFA001V1B
2022-07-26 11:41:07,741 [INFO] BoardInfo:872 - No configuration file found for board STEVAL-BFA001V2B
2022-07-26 11:41:07,741 [INFO] DbBoards:144 - Kit is not supported: STEVAL-BFA001V2B
2022-07-26 11:41:07,765 [WARN] PackLoader:238 - Cannot read IP mode file for STMicroelectronics.X-CUBE-GNSS1.6.0.0
2022-07-26 11:41:07,910 [WARN] PackLoader:238 - Cannot read IP mode file for STMicroelectronics.X-CUBE-MEMS1.9.2.0
2022-07-26 11:41:08,542 [INFO] DbBoards:148 - Found 173 boards, 169 are supported
2022-07-26 11:41:08,599 [INFO] ApiDb:407 - Load user favorites file C:\Users\MY COMPUTER/.stm32cubeide/favorites.boards.txt: 0 item(s)
2022-07-26 11:41:08,599 [INFO] ApiDb:411 - User favorites Boards=[]
2022-07-26 11:41:08,599 [INFO] DbBoards:174 - Set 0 / 0 favorites Boards
2022-07-26 11:41:08,605 [INFO] ApiDb:654 - CubeFinder database Data Model version=2.1
2022-07-26 11:41:08,605 [INFO] ApiDb:655 - CubeFinder database Configuration version=3.0.32
2022-07-26 11:41:08,605 [INFO] ApiDb:656 - CubeFinder database generation date=2022-07-13 (1657716335)
2022-07-26 11:41:08,605 [INFO] ApiDb:657 - CubeFinder database FW Pack versions=[STM32Cube_FW_C0_V1.0.0, STM32Cube_FW_F4_V1.27.1, STM32Cube_FW_F7_V1.17.0, STM32Cube_FW_G0_V1.6.1, STM32Cube_FW_G4_V1.5.0, STM32Cube_FW_H7_V1.10.0, STM32Cube_FW_L5_V1.4.0, STM32Cube_FW_U5_V1.1.1, STM32Cube_FW_WB_V1.14.0, STM32Cube_FW_WL_V1.2.0, X-CUBE-ALGOBUILD_V1.3.0, X-CUBE-ALS_V1.0.1, X-CUBE-AZRTOS-F4_V1.0.0, X-CUBE-AZRTOS-F7_V1.1.0, X-CUBE-AZRTOS-G0_V1.1.0, X-CUBE-AZRTOS-G4_V1.0.0, X-CUBE-AZRTOS-H7_V2.1.0, X-CUBE-AZRTOS-L4_V1.0.0, X-CUBE-AZRTOS-L5_V1.0.0, X-CUBE-AZRTOS-WL_V1.0.0, X-CUBE-BLE1_V6.2.3, X-CUBE-BLE2_V3.3.0, X-CUBE-EEPRMA1_V3.1.1, X-CUBE-GNSS1_V6.0.0, X-CUBE-MEMS1_V9.1.0, X-CUBE-NFC4_V2.0.3, X-CUBE-NFC7_V1.0.0, X-CUBE-SFXS2LP1_V3.1.0, X-CUBE-SUBG2_V5.0.0]
2022-07-26 11:41:09,111 [WARN] PackLoader:238 - Cannot read IP mode file for STMicroelectronics.X-CUBE-AZRTOS-F7.1.1.0
2022-07-26 11:41:09,154 [WARN] PackLoader:238 - Cannot read IP mode file for STMicroelectronics.X-CUBE-AI.7.1.0
2022-07-26 11:41:09,170 [WARN] PackLoader:238 - Cannot read IP mode file for STMicroelectronics.X-CUBE-TOUCHGFX.4.19.1
2022-07-26 11:41:09,195 [WARN] PackLoader:238 - Cannot read IP mode file for STMicroelectronics.X-CUBE-BLE1.6.2.3
2022-07-26 11:41:09,236 [WARN] PackLoader:238 - Cannot read IP mode file for STMicroelectronics.X-CUBE-BLE1.6.2.2
2022-07-26 11:41:09,291 [WARN] PackLoader:238 - Cannot read IP mode file for STMicroelectronics.X-CUBE-NFC4.2.0.4
2022-07-26 11:41:09,313 [WARN] PackLoader:238 - Cannot read IP mode file for STMicroelectronics.X-CUBE-BLE2.3.2.2
2022-07-26 11:41:09,330 [WARN] PackLoader:238 - Cannot read IP mode file for STMicroelectronics.X-CUBE-NFC4.2.0.3
2022-07-26 11:41:09,344 [WARN] PackLoader:238 - Cannot read IP mode file for STMicroelectronics.X-CUBE-TOUCHGFX.4.19.0
2022-07-26 11:41:09,400 [WARN] PackLoader:238 - Cannot read IP mode file for STMicroelectronics.X-CUBE-TOF1.3.1.0
2022-07-26 11:41:09,496 [WARN] PackLoader:238 - Cannot read IP mode file for STMicroelectronics.X-CUBE-SFXS2LP1.3.1.0
2022-07-26 11:41:09,556 [WARN] PackLoader:238 - Cannot read IP mode file for STMicroelectronics.X-CUBE-AZRTOS-F4.1.0.0
2022-07-26 11:41:09,578 [WARN] PackLoader:238 - Cannot read IP mode file for STMicroelectronics.X-CUBE-NFC7.1.0.0
2022-07-26 11:41:09,606 [WARN] PackLoader:238 - Cannot read IP mode file for STMicroelectronics.X-CUBE-SUBG2.4.2.0
2022-07-26 11:41:09,687 [WARN] PackLoader:238 - Cannot read IP mode file for STMicroelectronics.X-CUBE-AI.7.2.0
2022-07-26 11:41:09,795 [WARN] PackLoader:238 - Cannot read IP mode file for STMicroelectronics.X-CUBE-AZRTOS-G0.1.0.0
2022-07-26 11:41:09,891 [WARN] PackLoader:238 - Cannot read IP mode file for STMicroelectronics.X-CUBE-SFXS2LP1.4.0.0
2022-07-26 11:41:10,007 [WARN] PackLoader:238 - Cannot read IP mode file for STMicroelectronics.X-CUBE-BLE2.3.3.0
2022-07-26 11:41:10,049 [WARN] PackLoader:238 - Cannot read IP mode file for STMicroelectronics.X-CUBE-DISPLAY.2.2.0
2022-07-26 11:41:10,067 [WARN] PackLoader:238 - Cannot read IP mode file for STMicroelectronics.X-CUBE-TOUCHGFX.4.18.1
2022-07-26 11:41:10,114 [WARN] PackLoader:238 - Cannot read IP mode file for RoweBots.I-CUBE-UNISONRTOS.5.5.0-4
2022-07-26 11:41:10,167 [WARN] PackLoader:238 - Cannot read IP mode file for STMicroelectronics.X-CUBE-AZRTOS-H7.2.1.0
2022-07-26 11:41:10,196 [WARN] PackLoader:238 - Cannot read IP mode file for STMicroelectronics.X-CUBE-BLEMGR.1.0.0
2022-07-26 11:41:10,218 [WARN] PackLoader:238 - Cannot read IP mode file for STMicroelectronics.X-CUBE-ALGOBUILD.1.3.0
2022-07-26 11:41:10,261 [WARN] PackLoader:238 - Cannot read IP mode file for STMicroelectronics.X-CUBE-AZRTOS-G0.1.1.0
2022-07-26 11:41:10,325 [WARN] PackLoader:238 - Cannot read IP mode file for STMicroelectronics.X-CUBE-SUBG2.5.0.0
2022-07-26 11:41:10,450 [WARN] PackLoader:238 - Cannot read IP mode file for SEGGER.I-CUBE-embOS.1.2.0
2022-07-26 11:41:10,537 [WARN] PackLoader:238 - Cannot read IP mode file for STMicroelectronics.X-CUBE-DISPLAY.2.1.0
2022-07-26 11:41:10,555 [WARN] PackLoader:238 - Cannot read IP mode file for STMicroelectronics.FP-ATR-ASTRA1.1.1.0
2022-07-26 11:41:10,652 [WARN] PackLoader:238 - Cannot read IP mode file for STMicroelectronics.X-CUBE-AZRTOS-H7.2.0.0
2022-07-26 11:41:10,764 [WARN] PackLoader:238 - Cannot read IP mode file for STMicroelectronics.X-CUBE-AZRTOS-G4.1.0.0
2022-07-26 11:41:10,889 [WARN] PackLoader:238 - Cannot read IP mode file for STMicroelectronics.X-CUBE-AZRTOS-L4.1.0.0
2022-07-26 11:41:10,957 [WARN] PackLoader:238 - Cannot read IP mode file for emotas.I-CUBE-CANOPEN.1.1.2
2022-07-26 11:41:11,005 [WARN] PackLoader:238 - Cannot read IP mode file for STMicroelectronics.X-CUBE-TOUCHGFX.4.20.0
2022-07-26 11:41:11,090 [WARN] PackLoader:238 - Cannot read IP mode file for STMicroelectronics.X-CUBE-AZRTOS-F7.1.0.0
2022-07-26 11:41:11,189 [WARN] PackLoader:238 - Cannot read IP mode file for STMicroelectronics.X-CUBE-AZRTOS-WL.1.0.0
2022-07-26 11:41:11,412 [WARN] PackLoader:238 - Cannot read IP mode file for STMicroelectronics.X-CUBE-MEMS1.9.1.0
2022-07-26 11:41:11,613 [INFO] DbExamplesSqlite:367 - Ignored 31 examples not supported by CubeIDE
2022-07-26 11:41:11,650 [INFO] DbExamplesSqlite:368 - Found 6203 examples active
2022-07-26 11:41:11,650 [INFO] DbExamplesSqlite:369 - Found 0 examples obsolete
2022-07-26 11:41:11,651 [INFO] DbExamplesSqlite:370 - Found 0 examples under development
2022-07-26 11:41:11,651 [INFO] DbExamplesSqlite:371 - Found 76 examples not building
2022-07-26 11:41:11,653 [INFO] DbExamples:124 - Found 6248 examples
2022-07-26 11:41:11,696 [INFO] DbExamples:221 - Found 77 boards with related examples
2022-07-26 11:41:11,698 [INFO] DbExamples:234 - Found 64 MCUs with related examples
2022-07-26 11:41:11,801 [INFO] ApiDb:407 - Load user favorites file C:\Users\MY COMPUTER/.stm32cubeide/favorites.examples.txt: 0 item(s)
2022-07-26 11:41:11,802 [INFO] ApiDb:411 - User favorites Examples=[]
2022-07-26 11:41:11,802 [INFO] DbExamples:249 - Set 0 / 0 favorites Examples
2022-07-26 11:41:12,081 [WARN] PackLoader:238 - Cannot read IP mode file for portGmbH.I-Cube-SoM-uGOAL.1.1.0
2022-07-26 11:41:12,115 [WARN] PackLoader:238 - Cannot read IP mode file for STMicroelectronics.X-CUBE-ALS.1.0.1
2022-07-26 11:41:12,254 [WARN] PackLoader:238 - Cannot read IP mode file for STMicroelectronics.X-CUBE-AZRTOS-L5.1.0.0
2022-07-26 11:41:12,324 [WARN] PackLoader:238 - Cannot read IP mode file for STMicroelectronics.X-CUBE-EEPRMA1.3.1.1
2022-07-26 11:41:12,363 [WARN] PackLoader:238 - Cannot read IP mode file for STMicroelectronics.X-CUBE-GNSS1.5.2.0
2022-07-26 11:41:12,627 [WARN] PackLoader:238 - Cannot read IP mode file for STMicroelectronics.X-CUBE-DISPLAY.2.0.1
2022-07-26 11:41:12,654 [WARN] PackLoader:238 - Cannot read IP mode file for STMicroelectronics.X-CUBE-TOF1.3.0.0
2022-07-26 11:41:12,726 [INFO] ThirdParty:925 - Integrity check success = true
2022-07-26 11:41:12,726 [INFO] IntegrityCheckThread:94 - exiting critical section [integrity check]
2022-07-26 11:41:12,726 [INFO] IntegrityCheckThread:97 - End integrity checks thread
2022-07-26 11:41:12,774 [INFO] McuFinderGlobals:52 - Set McuFinderConnectedMode to true
2022-07-26 11:41:12,788 [INFO] MultiScanPanel:195 - Auto-refresh data requested => check proxy status ongoing
2022-07-26 11:41:12,792 [INFO] FinderPluginLoader:87 - Searching for filters in installed packs
2022-07-26 11:41:14,999 [INFO] LoadUrlFilesThread:173 - End of LoadServerUrlFiles without Thread
2022-07-26 11:41:15,022 [INFO] DetailPanel:315 - Set advertising image to C:/Users/MY COMPUTER/STM32Cube/Repository/\en.Prom_NBSTM32U50921.jpg
2022-07-26 11:41:31,789 [INFO] MultiScanPanel:195 - Auto-refresh data requested => check proxy status ongoing
2022-07-26 11:41:31,978 [INFO] LoadUrlFilesThread:173 - End of LoadServerUrlFiles without Thread
2022-07-26 11:41:31,978 [INFO] DetailPanel:315 - Set advertising image to C:/Users/MY COMPUTER/STM32Cube/Repository/\en.Prom_NBSTM32U50921.jpg
2022-07-26 11:41:31,995 [INFO] DbBoards:259 - Loading board mini-images...
2022-07-26 11:41:32,302 [ERROR] DbBoards:279 - No image file defined for board NUCLEO-C031C6
2022-07-26 11:41:33,386 [ERROR] DbBoards:276 - Image file not found for board P-L496G-CELL01: C:\ST\STM32CubeIDE_1.9.0\STM32CubeIDE\plugins\com.st.stm32cube.common.mx_6.5.0.202202251913\\db\/plugins/mcufinder/images/boards/P-L496G-CELL01.jpg
2022-07-26 11:41:33,425 [ERROR] DbBoards:276 - Image file not found for board STEVAL-ASTRA1B: C:\ST\STM32CubeIDE_1.9.0\STM32CubeIDE\plugins\com.st.stm32cube.common.mx_6.5.0.202202251913\\db\/plugins/mcufinder/images/boards/STEVAL-ASTRA1B_Image.jpg
2022-07-26 11:41:33,501 [ERROR] DbBoards:279 - No image file defined for board STM32091C-EVAL
2022-07-26 11:41:33,502 [ERROR] DbBoards:279 - No image file defined for board STM32100E-EVAL
2022-07-26 11:41:33,502 [ERROR] DbBoards:279 - No image file defined for board STM3210C-EVAL
2022-07-26 11:41:33,515 [ERROR] DbBoards:279 - No image file defined for board STM3221G-EVAL
2022-07-26 11:41:33,515 [ERROR] DbBoards:279 - No image file defined for board STM32303C-EVAL
2022-07-26 11:41:33,626 [ERROR] DbBoards:279 - No image file defined for board STM32479I-EVAL
2022-07-26 11:41:33,626 [ERROR] DbBoards:279 - No image file defined for board STM32746G-EVAL2
2022-07-26 11:41:33,635 [ERROR] DbBoards:279 - No image file defined for board STM32C0116-DK
2022-07-26 11:41:33,636 [ERROR] DbBoards:279 - No image file defined for board STM32C0316-DK
2022-07-26 11:41:33,669 [ERROR] DbBoards:279 - No image file defined for board STM32F401C-DISCO
2022-07-26 11:41:33,727 [ERROR] DbBoards:279 - No image file defined for board STM32F7308-DK
2022-07-26 11:41:33,775 [ERROR] DbBoards:279 - No image file defined for board STM32F779I-EVAL
2022-07-26 11:41:33,928 [ERROR] DbBoards:279 - No image file defined for board STM32H747I-EVAL
2022-07-26 11:41:34,022 [ERROR] DbBoards:279 - No image file defined for board STM32L-DISCOVERY
2022-07-26 11:41:34,062 [ERROR] DbBoards:279 - No image file defined for board STM32L152D-EVAL
2022-07-26 11:41:34,473 [INFO] DbBoards:282 - Loaded 155 board mini-images
2022-07-26 11:41:54,072 [INFO] McuFinderGlobals:52 - Set McuFinderConnectedMode to true
2022-07-26 11:41:54,075 [INFO] ApiDb:432 - Save user favorites file C:\Users\MY COMPUTER/.stm32cubeide/favorites.mcus.txt: 0 item(s)
2022-07-26 11:41:54,076 [INFO] ApiDb:436 - User favorites MCUs=[]
2022-07-26 11:41:54,082 [INFO] ApiDb:432 - Save user favorites file C:\Users\MY COMPUTER/.stm32cubeide/favorites.boards.txt: 0 item(s)
2022-07-26 11:41:54,083 [INFO] ApiDb:436 - User favorites Boards=[]
2022-07-26 12:11:36,183 [INFO] Activator:177 - 


2022-07-26 12:11:36,187 [INFO] Activator:178 - !SESSION log4j initialized
2022-07-26 13:02:40,711 [INFO] Activator:177 - 


2022-07-26 13:02:40,715 [INFO] Activator:178 - !SESSION log4j initialized
2022-07-26 18:08:31,243 [INFO] Activator:177 - 


2022-07-26 18:08:31,247 [INFO] Activator:178 - !SESSION log4j initialized
